11:41:30.318 [main] INFO  blog.Application (StartupInfoLogger.java:48) - Starting Application on DESKTOP-SJUQLTD with PID 20980 (E:\ws\blog\build\classes\main started by 86178 in E:\ws\blog)
11:41:30.325 [main] INFO  blog.Application (SpringApplication.java:597) - The following profiles are active: development
11:41:30.373 [main] INFO  o.s.b.c.e.AnnotationConfigEmbeddedWebApplicationContext (AbstractApplicationContext.java:583) - Refreshing org.springframework.boot.context.embedded.AnnotationConfigEmbeddedWebApplicationContext@342726f1: startup date [Thu May 21 11:41:30 CST 2020]; root of context hierarchy
11:41:31.427 [background-preinit] INFO  o.h.v.internal.util.Version (Version.java:30) - HV000001: Hibernate Validator 5.3.6.Final
11:41:32.203 [main] INFO  g.p.DefaultGrailsPluginManager (DefaultGrailsPluginManager.java:389) - Attempting to load [0] user defined plugins
11:41:32.204 [main] INFO  g.p.DefaultGrailsPluginManager (DefaultGrailsPluginManager.java:594) - Grails plug-in [eventBus] with version [3.3.2] loaded successfully
11:41:32.205 [main] INFO  g.p.DefaultGrailsPluginManager (DefaultGrailsPluginManager.java:594) - Grails plug-in [i18n] with version [3.3.9] loaded successfully
11:41:32.206 [main] INFO  g.p.DefaultGrailsPluginManager (DefaultGrailsPluginManager.java:594) - Grails plug-in [dataBinding] with version [3.3.9] loaded successfully
11:41:32.214 [main] INFO  g.p.DefaultGrailsPluginManager (DefaultGrailsPluginManager.java:594) - Grails plug-in [core] with version [3.3.9] loaded successfully
11:41:32.215 [main] INFO  g.p.DefaultGrailsPluginManager (DefaultGrailsPluginManager.java:594) - Grails plug-in [dataSource] with version [3.3.9] loaded successfully
11:41:32.215 [main] INFO  g.p.DefaultGrailsPluginManager (DefaultGrailsPluginManager.java:594) - Grails plug-in [console] with version [unspecified] loaded successfully
11:41:32.216 [main] INFO  g.p.DefaultGrailsPluginManager (DefaultGrailsPluginManager.java:594) - Grails plug-in [fields] with version [2.2.8] loaded successfully
11:41:32.217 [main] INFO  g.p.DefaultGrailsPluginManager (DefaultGrailsPluginManager.java:594) - Grails plug-in [runtimeDatasources] with version [0.2-grails3] loaded successfully
11:41:32.217 [main] INFO  g.p.DefaultGrailsPluginManager (DefaultGrailsPluginManager.java:594) - Grails plug-in [codecs] with version [3.3.9] loaded successfully
11:41:32.218 [main] INFO  g.p.DefaultGrailsPluginManager (DefaultGrailsPluginManager.java:594) - Grails plug-in [restResponder] with version [3.3.9] loaded successfully
11:41:32.218 [main] INFO  g.p.DefaultGrailsPluginManager (DefaultGrailsPluginManager.java:594) - Grails plug-in [urlMappings] with version [3.3.9] loaded successfully
11:41:32.220 [main] INFO  g.p.DefaultGrailsPluginManager (DefaultGrailsPluginManager.java:594) - Grails plug-in [controllers] with version [3.3.9] loaded successfully
11:41:32.220 [main] INFO  g.p.DefaultGrailsPluginManager (DefaultGrailsPluginManager.java:594) - Grails plug-in [controllersAsync] with version [3.3.2] loaded successfully
11:41:32.221 [main] INFO  g.p.DefaultGrailsPluginManager (DefaultGrailsPluginManager.java:594) - Grails plug-in [groovyPages] with version [3.3.2] loaded successfully
11:41:32.222 [main] INFO  g.p.DefaultGrailsPluginManager (DefaultGrailsPluginManager.java:594) - Grails plug-in [mimeTypes] with version [3.3.9] loaded successfully
11:41:32.222 [main] INFO  g.p.DefaultGrailsPluginManager (DefaultGrailsPluginManager.java:594) - Grails plug-in [scaffolding] with version [3.4.1] loaded successfully
11:41:32.222 [main] INFO  g.p.DefaultGrailsPluginManager (DefaultGrailsPluginManager.java:594) - Grails plug-in [assetPipeline] with version [2.15.1] loaded successfully
11:41:32.222 [main] INFO  g.p.DefaultGrailsPluginManager (DefaultGrailsPluginManager.java:594) - Grails plug-in [domainClass] with version [3.3.9] loaded successfully
11:41:32.222 [main] INFO  g.p.DefaultGrailsPluginManager (DefaultGrailsPluginManager.java:594) - Grails plug-in [hibernate] with version [6.1.11] loaded successfully
11:41:32.223 [main] INFO  g.p.DefaultGrailsPluginManager (DefaultGrailsPluginManager.java:594) - Grails plug-in [converters] with version [3.3.9] loaded successfully
11:41:32.223 [main] INFO  g.p.DefaultGrailsPluginManager (DefaultGrailsPluginManager.java:594) - Grails plug-in [interceptors] with version [3.3.9] loaded successfully
11:41:32.223 [main] INFO  g.p.DefaultGrailsPluginManager (DefaultGrailsPluginManager.java:594) - Grails plug-in [services] with version [3.3.9] loaded successfully
11:41:32.223 [main] INFO  g.p.DefaultGrailsPluginManager (DefaultGrailsPluginManager.java:594) - Grails plug-in [cache] with version [4.0.1] loaded successfully
11:41:32.223 [main] INFO  g.p.DefaultGrailsPluginManager (DefaultGrailsPluginManager.java:594) - Grails plug-in [springSecurityCore] with version [3.2.1] loaded successfully
11:41:33.885 [main] INFO  g.p.s.SpringSecurityCoreGrailsPlugin (SpringSecurityCoreGrailsPlugin.groovy:171) - 
Configuring Spring Security Core ...
11:41:33.989 [main] INFO  g.p.s.SpringSecurityCoreGrailsPlugin (SpringSecurityCoreGrailsPlugin.groovy:635) - ... finished configuring Spring Security Core

11:41:34.021 [main] INFO  o.s.b.f.s.DefaultListableBeanFactory (DefaultListableBeanFactory.java:826) - Overriding bean definition for bean 'characterEncodingFilter' with a different definition: replacing [Root bean: class [null]; scope=; abstract=false; lazyInit=false; autowireMode=3; dependencyCheck=0; autowireCandidate=true; primary=false; factoryBeanName=org.springframework.boot.autoconfigure.web.HttpEncodingAutoConfiguration; factoryMethodName=characterEncodingFilter; initMethodName=null; destroyMethodName=(inferred); defined in class path resource [org/springframework/boot/autoconfigure/web/HttpEncodingAutoConfiguration.class]] with [Generic bean: class [org.springframework.boot.web.servlet.FilterRegistrationBean]; scope=singleton; abstract=false; lazyInit=false; autowireMode=0; dependencyCheck=0; autowireCandidate=true; primary=false; factoryBeanName=null; factoryMethodName=null; initMethodName=null; destroyMethodName=null]
11:41:34.023 [main] INFO  o.s.b.f.s.DefaultListableBeanFactory (DefaultListableBeanFactory.java:826) - Overriding bean definition for bean 'propertySourcesPlaceholderConfigurer' with a different definition: replacing [Root bean: class [org.springframework.boot.autoconfigure.context.PropertyPlaceholderAutoConfiguration]; scope=; abstract=false; lazyInit=false; autowireMode=3; dependencyCheck=0; autowireCandidate=true; primary=false; factoryBeanName=null; factoryMethodName=propertySourcesPlaceholderConfigurer; initMethodName=null; destroyMethodName=(inferred); defined in class path resource [org/springframework/boot/autoconfigure/context/PropertyPlaceholderAutoConfiguration.class]] with [Generic bean: class [org.grails.spring.context.support.GrailsPlaceholderConfigurer]; scope=singleton; abstract=false; lazyInit=false; autowireMode=0; dependencyCheck=0; autowireCandidate=true; primary=false; factoryBeanName=null; factoryMethodName=null; initMethodName=null; destroyMethodName=null]
11:41:34.024 [main] INFO  o.s.b.f.s.DefaultListableBeanFactory (DefaultListableBeanFactory.java:826) - Overriding bean definition for bean 'multipartConfigElement' with a different definition: replacing [Root bean: class [null]; scope=; abstract=false; lazyInit=false; autowireMode=3; dependencyCheck=0; autowireCandidate=true; primary=false; factoryBeanName=org.springframework.boot.autoconfigure.web.MultipartAutoConfiguration; factoryMethodName=multipartConfigElement; initMethodName=null; destroyMethodName=(inferred); defined in class path resource [org/springframework/boot/autoconfigure/web/MultipartAutoConfiguration.class]] with [Generic bean: class [javax.servlet.MultipartConfigElement]; scope=singleton; abstract=false; lazyInit=false; autowireMode=0; dependencyCheck=0; autowireCandidate=true; primary=false; factoryBeanName=null; factoryMethodName=null; initMethodName=null; destroyMethodName=null]
11:41:34.025 [main] INFO  o.s.b.f.s.DefaultListableBeanFactory (DefaultListableBeanFactory.java:826) - Overriding bean definition for bean 'multipartResolver' with a different definition: replacing [Root bean: class [null]; scope=; abstract=false; lazyInit=false; autowireMode=3; dependencyCheck=0; autowireCandidate=true; primary=false; factoryBeanName=org.springframework.boot.autoconfigure.web.MultipartAutoConfiguration; factoryMethodName=multipartResolver; initMethodName=null; destroyMethodName=(inferred); defined in class path resource [org/springframework/boot/autoconfigure/web/MultipartAutoConfiguration.class]] with [Generic bean: class [org.springframework.web.multipart.support.StandardServletMultipartResolver]; scope=singleton; abstract=false; lazyInit=false; autowireMode=0; dependencyCheck=0; autowireCandidate=true; primary=false; factoryBeanName=null; factoryMethodName=null; initMethodName=null; destroyMethodName=null]
11:41:34.026 [main] INFO  o.s.b.f.s.DefaultListableBeanFactory (DefaultListableBeanFactory.java:826) - Overriding bean definition for bean 'dispatcherServlet' with a different definition: replacing [Root bean: class [null]; scope=; abstract=false; lazyInit=false; autowireMode=3; dependencyCheck=0; autowireCandidate=true; primary=false; factoryBeanName=org.springframework.boot.autoconfigure.web.DispatcherServletAutoConfiguration$DispatcherServletConfiguration; factoryMethodName=dispatcherServlet; initMethodName=null; destroyMethodName=(inferred); defined in class path resource [org/springframework/boot/autoconfigure/web/DispatcherServletAutoConfiguration$DispatcherServletConfiguration.class]] with [Generic bean: class [org.grails.web.servlet.mvc.GrailsDispatcherServlet]; scope=singleton; abstract=false; lazyInit=false; autowireMode=0; dependencyCheck=0; autowireCandidate=true; primary=false; factoryBeanName=null; factoryMethodName=null; initMethodName=null; destroyMethodName=null]
11:41:34.027 [main] INFO  o.s.b.f.s.DefaultListableBeanFactory (DefaultListableBeanFactory.java:826) - Overriding bean definition for bean 'dispatcherServletRegistration' with a different definition: replacing [Root bean: class [null]; scope=; abstract=false; lazyInit=false; autowireMode=3; dependencyCheck=0; autowireCandidate=true; primary=false; factoryBeanName=org.springframework.boot.autoconfigure.web.DispatcherServletAutoConfiguration$DispatcherServletRegistrationConfiguration; factoryMethodName=dispatcherServletRegistration; initMethodName=null; destroyMethodName=(inferred); defined in class path resource [org/springframework/boot/autoconfigure/web/DispatcherServletAutoConfiguration$DispatcherServletRegistrationConfiguration.class]] with [Generic bean: class [org.springframework.boot.web.servlet.ServletRegistrationBean]; scope=singleton; abstract=false; lazyInit=false; autowireMode=0; dependencyCheck=0; autowireCandidate=true; primary=false; factoryBeanName=null; factoryMethodName=null; initMethodName=null; destroyMethodName=null]
11:41:34.707 [main] INFO  o.s.c.s.PostProcessorRegistrationDelegate$BeanPostProcessorChecker (PostProcessorRegistrationDelegate.java:327) - Bean 'classLoader' of type [org.springframework.beans.factory.config.MethodInvokingFactoryBean] is not eligible for getting processed by all BeanPostProcessors (for example: not eligible for auto-proxying)
11:41:34.763 [main] INFO  o.s.c.s.PostProcessorRegistrationDelegate$BeanPostProcessorChecker (PostProcessorRegistrationDelegate.java:327) - Bean 'grailsPromiseFactory' of type [org.grails.plugins.web.async.spring.PromiseFactoryBean] is not eligible for getting processed by all BeanPostProcessors (for example: not eligible for auto-proxying)
11:41:34.786 [main] INFO  o.s.c.s.PostProcessorRegistrationDelegate$BeanPostProcessorChecker (PostProcessorRegistrationDelegate.java:327) - Bean 'grailsPromiseFactory' of type [org.grails.async.factory.future.CachedThreadPoolPromiseFactory] is not eligible for getting processed by all BeanPostProcessors (for example: not eligible for auto-proxying)
11:41:34.808 [main] INFO  o.s.c.s.PostProcessorRegistrationDelegate$BeanPostProcessorChecker (PostProcessorRegistrationDelegate.java:327) - Bean 'grailsEventBus' of type [org.grails.events.bus.spring.EventBusFactoryBean] is not eligible for getting processed by all BeanPostProcessors (for example: not eligible for auto-proxying)
11:41:34.809 [main] INFO  o.s.c.s.PostProcessorRegistrationDelegate$BeanPostProcessorChecker (PostProcessorRegistrationDelegate.java:327) - Bean 'grailsEventBus' of type [org.grails.events.bus.ExecutorEventBus] is not eligible for getting processed by all BeanPostProcessors (for example: not eligible for auto-proxying)
11:41:34.859 [main] INFO  o.s.c.s.PostProcessorRegistrationDelegate$BeanPostProcessorChecker (PostProcessorRegistrationDelegate.java:327) - Bean 'messageSource' of type [org.grails.spring.context.support.PluginAwareResourceBundleMessageSource] is not eligible for getting processed by all BeanPostProcessors (for example: not eligible for auto-proxying)
11:41:35.105 [main] INFO  o.s.c.s.PostProcessorRegistrationDelegate$BeanPostProcessorChecker (PostProcessorRegistrationDelegate.java:327) - Bean 'grailsUrlConverter' of type [grails.web.CamelCaseUrlConverter] is not eligible for getting processed by all BeanPostProcessors (for example: not eligible for auto-proxying)
11:41:35.118 [main] INFO  o.s.c.s.PostProcessorRegistrationDelegate$BeanPostProcessorChecker (PostProcessorRegistrationDelegate.java:327) - Bean '(inner bean)#28f05b0c' of type [org.grails.web.mapping.UrlMappingsHolderFactoryBean] is not eligible for getting processed by all BeanPostProcessors (for example: not eligible for auto-proxying)
11:41:35.119 [main] INFO  o.s.c.s.PostProcessorRegistrationDelegate$BeanPostProcessorChecker (PostProcessorRegistrationDelegate.java:327) - Bean '(inner bean)#28f05b0c' of type [org.grails.web.mapping.mvc.GrailsControllerUrlMappings] is not eligible for getting processed by all BeanPostProcessors (for example: not eligible for auto-proxying)
11:41:35.119 [main] INFO  o.s.c.s.PostProcessorRegistrationDelegate$BeanPostProcessorChecker (PostProcessorRegistrationDelegate.java:327) - Bean 'urlMappingsTargetSource' of type [org.grails.spring.beans.factory.HotSwappableTargetSourceFactoryBean] is not eligible for getting processed by all BeanPostProcessors (for example: not eligible for auto-proxying)
11:41:35.120 [main] INFO  o.s.c.s.PostProcessorRegistrationDelegate$BeanPostProcessorChecker (PostProcessorRegistrationDelegate.java:327) - Bean 'urlMappingsTargetSource' of type [org.springframework.aop.target.HotSwappableTargetSource] is not eligible for getting processed by all BeanPostProcessors (for example: not eligible for auto-proxying)
11:41:35.120 [main] INFO  o.s.c.s.PostProcessorRegistrationDelegate$BeanPostProcessorChecker (PostProcessorRegistrationDelegate.java:327) - Bean 'grailsUrlMappingsHolder' of type [org.springframework.aop.framework.ProxyFactoryBean] is not eligible for getting processed by all BeanPostProcessors (for example: not eligible for auto-proxying)
11:41:35.134 [main] INFO  o.s.c.s.PostProcessorRegistrationDelegate$BeanPostProcessorChecker (PostProcessorRegistrationDelegate.java:327) - Bean 'dataSourceConnectionSourceFactory' of type [org.grails.datastore.gorm.jdbc.connections.CachedDataSourceConnectionSourceFactory] is not eligible for getting processed by all BeanPostProcessors (for example: not eligible for auto-proxying)
11:41:35.134 [main] INFO  o.s.c.s.PostProcessorRegistrationDelegate$BeanPostProcessorChecker (PostProcessorRegistrationDelegate.java:327) - Bean 'hibernateConnectionSourceFactory' of type [org.grails.orm.hibernate.connections.HibernateConnectionSourceFactory] is not eligible for getting processed by all BeanPostProcessors (for example: not eligible for auto-proxying)
11:41:39.052 [main] INFO  org.hibernate.Version (Version.java:37) - HHH000412: Hibernate Core {5.1.16.Final}
11:41:39.054 [main] INFO  org.hibernate.cfg.Environment (Environment.java:213) - HHH000206: hibernate.properties not found
11:41:39.056 [main] INFO  org.hibernate.cfg.Environment (Environment.java:317) - HHH000021: Bytecode provider name : javassist
11:41:39.103 [main] INFO  o.h.v.i.engine.ConfigurationImpl (ConfigurationImpl.java:462) - HV000002: Ignoring XML configuration.
11:41:39.388 [main] INFO  o.h.annotations.common.Version (JavaReflectionManager.java:66) - HCANN000001: Hibernate Commons Annotations {5.0.1.Final}
11:41:39.486 [main] INFO  org.hibernate.dialect.Dialect (Dialect.java:156) - HHH000400: Using dialect: org.hibernate.dialect.MySQL5InnoDBDialect
11:41:42.358 [main] INFO  o.g.o.h.GrailsHibernateTransactionManager (HibernateTransactionManager.java:357) - Using DataSource [org.springframework.jdbc.datasource.TransactionAwareDataSourceProxy@116fe252] of Hibernate SessionFactory for HibernateTransactionManager
11:41:42.384 [main] INFO  o.h.v.i.engine.ConfigurationImpl (ConfigurationImpl.java:462) - HV000002: Ignoring XML configuration.
11:41:42.582 [main] INFO  o.s.b.f.x.XmlBeanDefinitionReader (XmlBeanDefinitionReader.java:317) - Loading XML bean definitions from class path resource [org/springframework/jdbc/support/sql-error-codes.xml]
11:41:42.689 [main] INFO  o.h.v.i.engine.ConfigurationImpl (ConfigurationImpl.java:462) - HV000002: Ignoring XML configuration.
11:41:42.695 [main] INFO  o.h.v.i.engine.ConfigurationImpl (ConfigurationImpl.java:462) - HV000002: Ignoring XML configuration.
11:41:42.714 [main] INFO  o.s.c.s.PostProcessorRegistrationDelegate$BeanPostProcessorChecker (PostProcessorRegistrationDelegate.java:327) - Bean 'hibernateDatastore' of type [org.grails.orm.hibernate.HibernateDatastore] is not eligible for getting processed by all BeanPostProcessors (for example: not eligible for auto-proxying)
11:41:43.523 [main] INFO  o.s.b.c.e.t.TomcatEmbeddedServletContainer (TomcatEmbeddedServletContainer.java:92) - Tomcat initialized with port(s): 80 (http)
11:41:43.539 [main] INFO  o.a.c.http11.Http11NioProtocol (DirectJDKLog.java:180) - Initializing ProtocolHandler ["http-nio-80"]
11:41:43.569 [main] INFO  o.a.c.core.StandardService (DirectJDKLog.java:180) - Starting service [Tomcat]
11:41:43.569 [main] INFO  o.a.catalina.core.StandardEngine (DirectJDKLog.java:180) - Starting Servlet Engine: Apache Tomcat/8.5.35
11:41:43.726 [localhost-startStop-1] INFO  o.a.c.c.C.[.[localhost].[/] (DirectJDKLog.java:180) - Initializing Spring embedded WebApplicationContext
11:41:43.727 [localhost-startStop-1] INFO  o.s.web.context.ContextLoader (EmbeddedWebApplicationContext.java:287) - Root WebApplicationContext: initialization completed in 13354 ms
11:41:44.561 [localhost-startStop-1] INFO  o.s.b.w.s.FilterRegistrationBean (AbstractFilterRegistrationBean.java:259) - Mapping filter: 'metricsFilter' to: [/*]
11:41:44.562 [localhost-startStop-1] INFO  o.s.b.w.s.FilterRegistrationBean (AbstractFilterRegistrationBean.java:259) - Mapping filter: 'grailsCorsFilter' to: [/*]
11:41:44.563 [localhost-startStop-1] INFO  o.s.b.w.s.FilterRegistrationBean (AbstractFilterRegistrationBean.java:272) - Mapping filter: 'characterEncodingFilter' to urls: [/*]
11:41:44.563 [localhost-startStop-1] INFO  o.s.b.w.s.FilterRegistrationBean (AbstractFilterRegistrationBean.java:272) - Mapping filter: 'hiddenHttpMethodFilter' to urls: [/*]
11:41:44.563 [localhost-startStop-1] INFO  o.s.b.w.s.FilterRegistrationBean (AbstractFilterRegistrationBean.java:272) - Mapping filter: 'grailsWebRequestFilter' to urls: [/*]
11:41:44.563 [localhost-startStop-1] INFO  o.s.b.w.s.FilterRegistrationBean (AbstractFilterRegistrationBean.java:272) - Mapping filter: 'filterChainProxy' to urls: [/*]
11:41:44.564 [localhost-startStop-1] INFO  o.s.b.w.s.FilterRegistrationBean (AbstractFilterRegistrationBean.java:259) - Mapping filter: 'webRequestLoggingFilter' to: [/*]
11:41:44.564 [localhost-startStop-1] INFO  o.s.b.w.s.FilterRegistrationBean (AbstractFilterRegistrationBean.java:272) - Mapping filter: 'assetPipelineFilter' to urls: [/assets/*]
11:41:44.564 [localhost-startStop-1] INFO  o.s.b.w.s.FilterRegistrationBean (AbstractFilterRegistrationBean.java:223) - Filter securityRequestHolderFilter was not registered (disabled)
11:41:44.564 [localhost-startStop-1] INFO  o.s.b.w.s.FilterRegistrationBean (AbstractFilterRegistrationBean.java:223) - Filter securityContextPersistenceFilter was not registered (disabled)
11:41:44.564 [localhost-startStop-1] INFO  o.s.b.w.s.FilterRegistrationBean (AbstractFilterRegistrationBean.java:223) - Filter mutableLogoutFilter was not registered (disabled)
11:41:44.564 [localhost-startStop-1] INFO  o.s.b.w.s.FilterRegistrationBean (AbstractFilterRegistrationBean.java:223) - Filter grailsUsernamePasswordAuthenticationFilter was not registered (disabled)
11:41:44.565 [localhost-startStop-1] INFO  o.s.b.w.s.FilterRegistrationBean (AbstractFilterRegistrationBean.java:223) - Filter securityContextHolderAwareRequestFilter was not registered (disabled)
11:41:44.565 [localhost-startStop-1] INFO  o.s.b.w.s.FilterRegistrationBean (AbstractFilterRegistrationBean.java:223) - Filter grailsRememberMeAuthenticationFilter was not registered (disabled)
11:41:44.565 [localhost-startStop-1] INFO  o.s.b.w.s.FilterRegistrationBean (AbstractFilterRegistrationBean.java:223) - Filter grailsAnonymousAuthenticationFilter was not registered (disabled)
11:41:44.565 [localhost-startStop-1] INFO  o.s.b.w.s.FilterRegistrationBean (AbstractFilterRegistrationBean.java:223) - Filter updateRequestContextHolderExceptionTranslationFilter was not registered (disabled)
11:41:44.565 [localhost-startStop-1] INFO  o.s.b.w.s.FilterRegistrationBean (AbstractFilterRegistrationBean.java:223) - Filter filterSecurityInterceptor was not registered (disabled)
11:41:44.565 [localhost-startStop-1] INFO  o.s.b.w.s.FilterRegistrationBean (AbstractFilterRegistrationBean.java:259) - Mapping filter: 'applicationContextIdFilter' to: [/*]
11:41:44.566 [localhost-startStop-1] INFO  o.s.b.w.s.ServletRegistrationBean (ServletRegistrationBean.java:191) - Mapping servlet: 'grailsDispatcherServlet' to [/]
11:41:44.567 [localhost-startStop-1] INFO  o.s.b.w.s.ServletRegistrationBean (ServletRegistrationBean.java:191) - Mapping servlet: 'groovyPagesServlet' to [*.gsp]
11:41:44.567 [localhost-startStop-1] INFO  o.s.b.w.s.ServletRegistrationBean (ServletRegistrationBean.java:191) - Mapping servlet: 'webServlet' to [/dbconsole/*]
11:41:44.955 [main] INFO  o.s.w.s.m.m.a.RequestMappingHandlerMapping (AbstractHandlerMethodMapping.java:544) - Mapped "{[/error]}" onto public org.springframework.http.ResponseEntity<java.util.Map<java.lang.String, java.lang.Object>> org.springframework.boot.autoconfigure.web.BasicErrorController.error(javax.servlet.http.HttpServletRequest)
11:41:44.956 [main] INFO  o.s.w.s.m.m.a.RequestMappingHandlerMapping (AbstractHandlerMethodMapping.java:544) - Mapped "{[/error],produces=[text/html]}" onto public org.springframework.web.servlet.ModelAndView org.springframework.boot.autoconfigure.web.BasicErrorController.errorHtml(javax.servlet.http.HttpServletRequest,javax.servlet.http.HttpServletResponse)
11:41:45.003 [main] INFO  o.s.w.s.h.SimpleUrlHandlerMapping (AbstractUrlHandlerMapping.java:362) - Mapped URL path [/webjars/**] onto handler of type [class org.springframework.web.servlet.resource.ResourceHttpRequestHandler]
11:41:45.003 [main] INFO  o.s.w.s.h.SimpleUrlHandlerMapping (AbstractUrlHandlerMapping.java:362) - Mapped URL path [/static/**] onto handler of type [class org.springframework.web.servlet.resource.ResourceHttpRequestHandler]
11:41:45.050 [main] INFO  o.s.w.s.m.m.a.RequestMappingHandlerAdapter (RequestMappingHandlerAdapter.java:556) - Looking for @ControllerAdvice: org.springframework.boot.context.embedded.AnnotationConfigEmbeddedWebApplicationContext@342726f1: startup date [Thu May 21 11:41:30 CST 2020]; root of context hierarchy
11:41:45.842 [main] INFO  o.s.b.a.e.m.EndpointHandlerMapping (AbstractHandlerMethodMapping.java:544) - Mapped "{[/shutdown || /shutdown.json],methods=[POST],produces=[application/vnd.spring-boot.actuator.v1+json || application/json]}" onto public java.lang.Object org.springframework.boot.actuate.endpoint.mvc.ShutdownMvcEndpoint.invoke()
11:41:46.370 [main] INFO  o.s.w.s.m.m.a.RequestMappingHandlerMapping (AbstractHandlerMethodMapping.java:544) - Mapped "{[/error]}" onto public org.springframework.http.ResponseEntity<java.util.Map<java.lang.String, java.lang.Object>> org.springframework.boot.autoconfigure.web.BasicErrorController.error(javax.servlet.http.HttpServletRequest)
11:41:46.370 [main] INFO  o.s.w.s.m.m.a.RequestMappingHandlerMapping (AbstractHandlerMethodMapping.java:544) - Mapped "{[/error],produces=[text/html]}" onto public org.springframework.web.servlet.ModelAndView org.springframework.boot.autoconfigure.web.BasicErrorController.errorHtml(javax.servlet.http.HttpServletRequest,javax.servlet.http.HttpServletResponse)
11:41:46.378 [main] INFO  o.s.w.s.m.m.a.RequestMappingHandlerAdapter (RequestMappingHandlerAdapter.java:556) - Looking for @ControllerAdvice: org.springframework.boot.context.embedded.AnnotationConfigEmbeddedWebApplicationContext@342726f1: startup date [Thu May 21 11:41:30 CST 2020]; root of context hierarchy
11:41:48.513 [main] INFO  o.s.j.e.a.AnnotationMBeanExporter (MBeanExporter.java:431) - Registering beans for JMX exposure on startup
11:41:48.520 [main] INFO  o.s.b.a.e.j.EndpointMBeanExporter (MBeanExporter.java:431) - Registering beans for JMX exposure on startup
11:41:48.523 [main] INFO  o.g.p.d.TomcatJDBCPoolMBeanExporter (MBeanExporter.java:431) - Registering beans for JMX exposure on startup
11:41:48.527 [main] INFO  o.s.c.s.DefaultLifecycleProcessor (DefaultLifecycleProcessor.java:345) - Starting beans in phase -2147483648
11:41:48.536 [main] INFO  o.s.c.s.DefaultLifecycleProcessor (DefaultLifecycleProcessor.java:345) - Starting beans in phase 0
11:41:48.563 [main] INFO  o.s.b.a.e.j.EndpointMBeanExporter (MBeanExporter.java:679) - Located managed bean 'shutdownEndpoint': registering with JMX server as MBean [org.springframework.boot:type=Endpoint,name=shutdownEndpoint,identity=14ca4b4d]
11:41:48.750 [main] INFO  g.p.s.w.GrailsSecurityFilterChain (GrailsSecurityFilterChain.groovy:43) - Creating filter chain: Ant [pattern='/**'], [grails.plugin.springsecurity.web.SecurityRequestHolderFilter@fa66730, org.springframework.security.web.context.SecurityContextPersistenceFilter@7edcde71, grails.plugin.springsecurity.web.authentication.logout.MutableLogoutFilter@2a6fb6d3, grails.plugin.springsecurity.web.authentication.GrailsUsernamePasswordAuthenticationFilter@8674b74, org.springframework.security.web.servletapi.SecurityContextHolderAwareRequestFilter@35bee06c, grails.plugin.springsecurity.web.filter.GrailsRememberMeAuthenticationFilter@5369b062, grails.plugin.springsecurity.web.filter.GrailsAnonymousAuthenticationFilter@eb07e9, grails.plugin.springsecurity.web.UpdateRequestContextHolderExceptionTranslationFilter@13255691, org.springframework.security.web.access.intercept.FilterSecurityInterceptor@109ccaad]
11:41:49.810 [main] INFO  o.a.c.http11.Http11NioProtocol (DirectJDKLog.java:180) - Starting ProtocolHandler ["http-nio-80"]
11:41:49.822 [main] INFO  o.a.t.util.net.NioSelectorPool (DirectJDKLog.java:180) - Using a shared selector for servlet write/read
11:41:49.857 [main] INFO  o.a.c.c.C.[.[localhost].[/] (DirectJDKLog.java:180) - Initializing Spring FrameworkServlet 'grailsDispatcherServlet'
11:41:49.857 [main] INFO  o.g.w.s.m.GrailsDispatcherServlet (FrameworkServlet.java:489) - FrameworkServlet 'grailsDispatcherServlet': initialization started
11:41:49.875 [main] INFO  o.g.w.s.m.GrailsDispatcherServlet (FrameworkServlet.java:508) - FrameworkServlet 'grailsDispatcherServlet': initialization completed in 17 ms
11:41:49.876 [main] INFO  o.s.b.c.e.t.TomcatEmbeddedServletContainer (TomcatEmbeddedServletContainer.java:216) - Tomcat started on port(s): 80 (http)
11:41:49.882 [main] INFO  blog.Application (StartupInfoLogger.java:57) - Started Application in 20.504 seconds (JVM running for 23.115)
11:41:49.882 [main] INFO  grails.boot.GrailsApp (GrailsApp.groovy:88) - Application starting in environment: development
11:41:50.564 [http-nio-80-exec-1] INFO  o.s.s.c.SpringSecurityCoreVersion (SpringSecurityCoreVersion.java:75) - You are running with Spring Security Core 4.2.10.RELEASE
12:34:30.769 [main] INFO  blog.Application (StartupInfoLogger.java:48) - Starting Application on DESKTOP-SJUQLTD with PID 8396 (E:\ws\blog\build\classes\main started by 86178 in E:\ws\blog)
12:34:30.776 [main] INFO  blog.Application (SpringApplication.java:597) - The following profiles are active: development
12:34:30.824 [main] INFO  o.s.b.c.e.AnnotationConfigEmbeddedWebApplicationContext (AbstractApplicationContext.java:583) - Refreshing org.springframework.boot.context.embedded.AnnotationConfigEmbeddedWebApplicationContext@342726f1: startup date [Thu May 21 12:34:30 CST 2020]; root of context hierarchy
12:34:31.920 [background-preinit] INFO  o.h.v.internal.util.Version (Version.java:30) - HV000001: Hibernate Validator 5.3.6.Final
12:34:32.718 [main] INFO  g.p.DefaultGrailsPluginManager (DefaultGrailsPluginManager.java:389) - Attempting to load [0] user defined plugins
12:34:32.719 [main] INFO  g.p.DefaultGrailsPluginManager (DefaultGrailsPluginManager.java:594) - Grails plug-in [core] with version [3.3.9] loaded successfully
12:34:32.727 [main] INFO  g.p.DefaultGrailsPluginManager (DefaultGrailsPluginManager.java:594) - Grails plug-in [codecs] with version [3.3.9] loaded successfully
12:34:32.727 [main] INFO  g.p.DefaultGrailsPluginManager (DefaultGrailsPluginManager.java:594) - Grails plug-in [dataSource] with version [3.3.9] loaded successfully
12:34:32.728 [main] INFO  g.p.DefaultGrailsPluginManager (DefaultGrailsPluginManager.java:594) - Grails plug-in [restResponder] with version [3.3.9] loaded successfully
12:34:32.728 [main] INFO  g.p.DefaultGrailsPluginManager (DefaultGrailsPluginManager.java:594) - Grails plug-in [runtimeDatasources] with version [0.2-grails3] loaded successfully
12:34:32.729 [main] INFO  g.p.DefaultGrailsPluginManager (DefaultGrailsPluginManager.java:594) - Grails plug-in [console] with version [unspecified] loaded successfully
12:34:32.730 [main] INFO  g.p.DefaultGrailsPluginManager (DefaultGrailsPluginManager.java:594) - Grails plug-in [i18n] with version [3.3.9] loaded successfully
12:34:32.731 [main] INFO  g.p.DefaultGrailsPluginManager (DefaultGrailsPluginManager.java:594) - Grails plug-in [fields] with version [2.2.8] loaded successfully
12:34:32.731 [main] INFO  g.p.DefaultGrailsPluginManager (DefaultGrailsPluginManager.java:594) - Grails plug-in [dataBinding] with version [3.3.9] loaded successfully
12:34:32.731 [main] INFO  g.p.DefaultGrailsPluginManager (DefaultGrailsPluginManager.java:594) - Grails plug-in [eventBus] with version [3.3.2] loaded successfully
12:34:32.733 [main] INFO  g.p.DefaultGrailsPluginManager (DefaultGrailsPluginManager.java:594) - Grails plug-in [assetPipeline] with version [2.15.1] loaded successfully
12:34:32.733 [main] INFO  g.p.DefaultGrailsPluginManager (DefaultGrailsPluginManager.java:594) - Grails plug-in [urlMappings] with version [3.3.9] loaded successfully
12:34:32.734 [main] INFO  g.p.DefaultGrailsPluginManager (DefaultGrailsPluginManager.java:594) - Grails plug-in [groovyPages] with version [3.3.2] loaded successfully
12:34:32.735 [main] INFO  g.p.DefaultGrailsPluginManager (DefaultGrailsPluginManager.java:594) - Grails plug-in [controllers] with version [3.3.9] loaded successfully
12:34:32.735 [main] INFO  g.p.DefaultGrailsPluginManager (DefaultGrailsPluginManager.java:594) - Grails plug-in [mimeTypes] with version [3.3.9] loaded successfully
12:34:32.736 [main] INFO  g.p.DefaultGrailsPluginManager (DefaultGrailsPluginManager.java:594) - Grails plug-in [domainClass] with version [3.3.9] loaded successfully
12:34:32.736 [main] INFO  g.p.DefaultGrailsPluginManager (DefaultGrailsPluginManager.java:594) - Grails plug-in [controllersAsync] with version [3.3.2] loaded successfully
12:34:32.736 [main] INFO  g.p.DefaultGrailsPluginManager (DefaultGrailsPluginManager.java:594) - Grails plug-in [hibernate] with version [6.1.11] loaded successfully
12:34:32.737 [main] INFO  g.p.DefaultGrailsPluginManager (DefaultGrailsPluginManager.java:594) - Grails plug-in [converters] with version [3.3.9] loaded successfully
12:34:32.737 [main] INFO  g.p.DefaultGrailsPluginManager (DefaultGrailsPluginManager.java:594) - Grails plug-in [scaffolding] with version [3.4.1] loaded successfully
12:34:32.738 [main] INFO  g.p.DefaultGrailsPluginManager (DefaultGrailsPluginManager.java:594) - Grails plug-in [interceptors] with version [3.3.9] loaded successfully
12:34:32.738 [main] INFO  g.p.DefaultGrailsPluginManager (DefaultGrailsPluginManager.java:594) - Grails plug-in [services] with version [3.3.9] loaded successfully
12:34:32.739 [main] INFO  g.p.DefaultGrailsPluginManager (DefaultGrailsPluginManager.java:594) - Grails plug-in [springSecurityCore] with version [3.2.1] loaded successfully
12:34:32.739 [main] INFO  g.p.DefaultGrailsPluginManager (DefaultGrailsPluginManager.java:594) - Grails plug-in [cache] with version [4.0.1] loaded successfully
12:34:34.546 [main] INFO  g.p.s.SpringSecurityCoreGrailsPlugin (SpringSecurityCoreGrailsPlugin.groovy:171) - 
Configuring Spring Security Core ...
12:34:34.680 [main] INFO  g.p.s.SpringSecurityCoreGrailsPlugin (SpringSecurityCoreGrailsPlugin.groovy:635) - ... finished configuring Spring Security Core

12:34:34.726 [main] INFO  o.s.b.f.s.DefaultListableBeanFactory (DefaultListableBeanFactory.java:826) - Overriding bean definition for bean 'characterEncodingFilter' with a different definition: replacing [Root bean: class [null]; scope=; abstract=false; lazyInit=false; autowireMode=3; dependencyCheck=0; autowireCandidate=true; primary=false; factoryBeanName=org.springframework.boot.autoconfigure.web.HttpEncodingAutoConfiguration; factoryMethodName=characterEncodingFilter; initMethodName=null; destroyMethodName=(inferred); defined in class path resource [org/springframework/boot/autoconfigure/web/HttpEncodingAutoConfiguration.class]] with [Generic bean: class [org.springframework.boot.web.servlet.FilterRegistrationBean]; scope=singleton; abstract=false; lazyInit=false; autowireMode=0; dependencyCheck=0; autowireCandidate=true; primary=false; factoryBeanName=null; factoryMethodName=null; initMethodName=null; destroyMethodName=null]
12:34:34.727 [main] INFO  o.s.b.f.s.DefaultListableBeanFactory (DefaultListableBeanFactory.java:826) - Overriding bean definition for bean 'propertySourcesPlaceholderConfigurer' with a different definition: replacing [Root bean: class [org.springframework.boot.autoconfigure.context.PropertyPlaceholderAutoConfiguration]; scope=; abstract=false; lazyInit=false; autowireMode=3; dependencyCheck=0; autowireCandidate=true; primary=false; factoryBeanName=null; factoryMethodName=propertySourcesPlaceholderConfigurer; initMethodName=null; destroyMethodName=(inferred); defined in class path resource [org/springframework/boot/autoconfigure/context/PropertyPlaceholderAutoConfiguration.class]] with [Generic bean: class [org.grails.spring.context.support.GrailsPlaceholderConfigurer]; scope=singleton; abstract=false; lazyInit=false; autowireMode=0; dependencyCheck=0; autowireCandidate=true; primary=false; factoryBeanName=null; factoryMethodName=null; initMethodName=null; destroyMethodName=null]
12:34:34.728 [main] INFO  o.s.b.f.s.DefaultListableBeanFactory (DefaultListableBeanFactory.java:826) - Overriding bean definition for bean 'multipartConfigElement' with a different definition: replacing [Root bean: class [null]; scope=; abstract=false; lazyInit=false; autowireMode=3; dependencyCheck=0; autowireCandidate=true; primary=false; factoryBeanName=org.springframework.boot.autoconfigure.web.MultipartAutoConfiguration; factoryMethodName=multipartConfigElement; initMethodName=null; destroyMethodName=(inferred); defined in class path resource [org/springframework/boot/autoconfigure/web/MultipartAutoConfiguration.class]] with [Generic bean: class [javax.servlet.MultipartConfigElement]; scope=singleton; abstract=false; lazyInit=false; autowireMode=0; dependencyCheck=0; autowireCandidate=true; primary=false; factoryBeanName=null; factoryMethodName=null; initMethodName=null; destroyMethodName=null]
12:34:34.729 [main] INFO  o.s.b.f.s.DefaultListableBeanFactory (DefaultListableBeanFactory.java:826) - Overriding bean definition for bean 'multipartResolver' with a different definition: replacing [Root bean: class [null]; scope=; abstract=false; lazyInit=false; autowireMode=3; dependencyCheck=0; autowireCandidate=true; primary=false; factoryBeanName=org.springframework.boot.autoconfigure.web.MultipartAutoConfiguration; factoryMethodName=multipartResolver; initMethodName=null; destroyMethodName=(inferred); defined in class path resource [org/springframework/boot/autoconfigure/web/MultipartAutoConfiguration.class]] with [Generic bean: class [org.springframework.web.multipart.support.StandardServletMultipartResolver]; scope=singleton; abstract=false; lazyInit=false; autowireMode=0; dependencyCheck=0; autowireCandidate=true; primary=false; factoryBeanName=null; factoryMethodName=null; initMethodName=null; destroyMethodName=null]
12:34:34.731 [main] INFO  o.s.b.f.s.DefaultListableBeanFactory (DefaultListableBeanFactory.java:826) - Overriding bean definition for bean 'dispatcherServlet' with a different definition: replacing [Root bean: class [null]; scope=; abstract=false; lazyInit=false; autowireMode=3; dependencyCheck=0; autowireCandidate=true; primary=false; factoryBeanName=org.springframework.boot.autoconfigure.web.DispatcherServletAutoConfiguration$DispatcherServletConfiguration; factoryMethodName=dispatcherServlet; initMethodName=null; destroyMethodName=(inferred); defined in class path resource [org/springframework/boot/autoconfigure/web/DispatcherServletAutoConfiguration$DispatcherServletConfiguration.class]] with [Generic bean: class [org.grails.web.servlet.mvc.GrailsDispatcherServlet]; scope=singleton; abstract=false; lazyInit=false; autowireMode=0; dependencyCheck=0; autowireCandidate=true; primary=false; factoryBeanName=null; factoryMethodName=null; initMethodName=null; destroyMethodName=null]
12:34:34.732 [main] INFO  o.s.b.f.s.DefaultListableBeanFactory (DefaultListableBeanFactory.java:826) - Overriding bean definition for bean 'dispatcherServletRegistration' with a different definition: replacing [Root bean: class [null]; scope=; abstract=false; lazyInit=false; autowireMode=3; dependencyCheck=0; autowireCandidate=true; primary=false; factoryBeanName=org.springframework.boot.autoconfigure.web.DispatcherServletAutoConfiguration$DispatcherServletRegistrationConfiguration; factoryMethodName=dispatcherServletRegistration; initMethodName=null; destroyMethodName=(inferred); defined in class path resource [org/springframework/boot/autoconfigure/web/DispatcherServletAutoConfiguration$DispatcherServletRegistrationConfiguration.class]] with [Generic bean: class [org.springframework.boot.web.servlet.ServletRegistrationBean]; scope=singleton; abstract=false; lazyInit=false; autowireMode=0; dependencyCheck=0; autowireCandidate=true; primary=false; factoryBeanName=null; factoryMethodName=null; initMethodName=null; destroyMethodName=null]
12:34:35.526 [main] INFO  o.s.c.s.PostProcessorRegistrationDelegate$BeanPostProcessorChecker (PostProcessorRegistrationDelegate.java:327) - Bean 'classLoader' of type [org.springframework.beans.factory.config.MethodInvokingFactoryBean] is not eligible for getting processed by all BeanPostProcessors (for example: not eligible for auto-proxying)
12:34:35.587 [main] INFO  o.s.c.s.PostProcessorRegistrationDelegate$BeanPostProcessorChecker (PostProcessorRegistrationDelegate.java:327) - Bean 'grailsPromiseFactory' of type [org.grails.plugins.web.async.spring.PromiseFactoryBean] is not eligible for getting processed by all BeanPostProcessors (for example: not eligible for auto-proxying)
12:34:35.613 [main] INFO  o.s.c.s.PostProcessorRegistrationDelegate$BeanPostProcessorChecker (PostProcessorRegistrationDelegate.java:327) - Bean 'grailsPromiseFactory' of type [org.grails.async.factory.future.CachedThreadPoolPromiseFactory] is not eligible for getting processed by all BeanPostProcessors (for example: not eligible for auto-proxying)
12:34:35.638 [main] INFO  o.s.c.s.PostProcessorRegistrationDelegate$BeanPostProcessorChecker (PostProcessorRegistrationDelegate.java:327) - Bean 'grailsEventBus' of type [org.grails.events.bus.spring.EventBusFactoryBean] is not eligible for getting processed by all BeanPostProcessors (for example: not eligible for auto-proxying)
12:34:35.638 [main] INFO  o.s.c.s.PostProcessorRegistrationDelegate$BeanPostProcessorChecker (PostProcessorRegistrationDelegate.java:327) - Bean 'grailsEventBus' of type [org.grails.events.bus.ExecutorEventBus] is not eligible for getting processed by all BeanPostProcessors (for example: not eligible for auto-proxying)
12:34:35.700 [main] INFO  o.s.c.s.PostProcessorRegistrationDelegate$BeanPostProcessorChecker (PostProcessorRegistrationDelegate.java:327) - Bean 'messageSource' of type [org.grails.spring.context.support.PluginAwareResourceBundleMessageSource] is not eligible for getting processed by all BeanPostProcessors (for example: not eligible for auto-proxying)
12:34:35.962 [main] INFO  o.s.c.s.PostProcessorRegistrationDelegate$BeanPostProcessorChecker (PostProcessorRegistrationDelegate.java:327) - Bean 'grailsUrlConverter' of type [grails.web.CamelCaseUrlConverter] is not eligible for getting processed by all BeanPostProcessors (for example: not eligible for auto-proxying)
12:34:35.980 [main] INFO  o.s.c.s.PostProcessorRegistrationDelegate$BeanPostProcessorChecker (PostProcessorRegistrationDelegate.java:327) - Bean '(inner bean)#ab327c' of type [org.grails.web.mapping.UrlMappingsHolderFactoryBean] is not eligible for getting processed by all BeanPostProcessors (for example: not eligible for auto-proxying)
12:34:35.980 [main] INFO  o.s.c.s.PostProcessorRegistrationDelegate$BeanPostProcessorChecker (PostProcessorRegistrationDelegate.java:327) - Bean '(inner bean)#ab327c' of type [org.grails.web.mapping.mvc.GrailsControllerUrlMappings] is not eligible for getting processed by all BeanPostProcessors (for example: not eligible for auto-proxying)
12:34:35.981 [main] INFO  o.s.c.s.PostProcessorRegistrationDelegate$BeanPostProcessorChecker (PostProcessorRegistrationDelegate.java:327) - Bean 'urlMappingsTargetSource' of type [org.grails.spring.beans.factory.HotSwappableTargetSourceFactoryBean] is not eligible for getting processed by all BeanPostProcessors (for example: not eligible for auto-proxying)
12:34:35.981 [main] INFO  o.s.c.s.PostProcessorRegistrationDelegate$BeanPostProcessorChecker (PostProcessorRegistrationDelegate.java:327) - Bean 'urlMappingsTargetSource' of type [org.springframework.aop.target.HotSwappableTargetSource] is not eligible for getting processed by all BeanPostProcessors (for example: not eligible for auto-proxying)
12:34:35.981 [main] INFO  o.s.c.s.PostProcessorRegistrationDelegate$BeanPostProcessorChecker (PostProcessorRegistrationDelegate.java:327) - Bean 'grailsUrlMappingsHolder' of type [org.springframework.aop.framework.ProxyFactoryBean] is not eligible for getting processed by all BeanPostProcessors (for example: not eligible for auto-proxying)
12:34:35.997 [main] INFO  o.s.c.s.PostProcessorRegistrationDelegate$BeanPostProcessorChecker (PostProcessorRegistrationDelegate.java:327) - Bean 'dataSourceConnectionSourceFactory' of type [org.grails.datastore.gorm.jdbc.connections.CachedDataSourceConnectionSourceFactory] is not eligible for getting processed by all BeanPostProcessors (for example: not eligible for auto-proxying)
12:34:35.997 [main] INFO  o.s.c.s.PostProcessorRegistrationDelegate$BeanPostProcessorChecker (PostProcessorRegistrationDelegate.java:327) - Bean 'hibernateConnectionSourceFactory' of type [org.grails.orm.hibernate.connections.HibernateConnectionSourceFactory] is not eligible for getting processed by all BeanPostProcessors (for example: not eligible for auto-proxying)
12:34:41.564 [main] INFO  org.hibernate.Version (Version.java:37) - HHH000412: Hibernate Core {5.1.16.Final}
12:34:41.566 [main] INFO  org.hibernate.cfg.Environment (Environment.java:213) - HHH000206: hibernate.properties not found
12:34:41.569 [main] INFO  org.hibernate.cfg.Environment (Environment.java:317) - HHH000021: Bytecode provider name : javassist
12:34:41.614 [main] INFO  o.h.v.i.engine.ConfigurationImpl (ConfigurationImpl.java:462) - HV000002: Ignoring XML configuration.
12:34:41.904 [main] INFO  o.h.annotations.common.Version (JavaReflectionManager.java:66) - HCANN000001: Hibernate Commons Annotations {5.0.1.Final}
12:34:42.003 [main] INFO  org.hibernate.dialect.Dialect (Dialect.java:156) - HHH000400: Using dialect: org.hibernate.dialect.MySQL5InnoDBDialect
12:34:45.056 [main] INFO  o.g.o.h.GrailsHibernateTransactionManager (HibernateTransactionManager.java:357) - Using DataSource [org.springframework.jdbc.datasource.TransactionAwareDataSourceProxy@a47a011] of Hibernate SessionFactory for HibernateTransactionManager
12:34:45.073 [main] INFO  o.h.v.i.engine.ConfigurationImpl (ConfigurationImpl.java:462) - HV000002: Ignoring XML configuration.
12:34:45.243 [main] INFO  o.s.b.f.x.XmlBeanDefinitionReader (XmlBeanDefinitionReader.java:317) - Loading XML bean definitions from class path resource [org/springframework/jdbc/support/sql-error-codes.xml]
12:34:45.346 [main] INFO  o.h.v.i.engine.ConfigurationImpl (ConfigurationImpl.java:462) - HV000002: Ignoring XML configuration.
12:34:45.348 [main] INFO  o.h.v.i.engine.ConfigurationImpl (ConfigurationImpl.java:462) - HV000002: Ignoring XML configuration.
12:34:45.356 [main] INFO  o.s.c.s.PostProcessorRegistrationDelegate$BeanPostProcessorChecker (PostProcessorRegistrationDelegate.java:327) - Bean 'hibernateDatastore' of type [org.grails.orm.hibernate.HibernateDatastore] is not eligible for getting processed by all BeanPostProcessors (for example: not eligible for auto-proxying)
12:34:46.189 [main] INFO  o.s.b.c.e.t.TomcatEmbeddedServletContainer (TomcatEmbeddedServletContainer.java:92) - Tomcat initialized with port(s): 80 (http)
12:34:46.207 [main] INFO  o.a.c.http11.Http11NioProtocol (DirectJDKLog.java:180) - Initializing ProtocolHandler ["http-nio-80"]
12:34:46.224 [main] INFO  o.a.c.core.StandardService (DirectJDKLog.java:180) - Starting service [Tomcat]
12:34:46.225 [main] INFO  o.a.catalina.core.StandardEngine (DirectJDKLog.java:180) - Starting Servlet Engine: Apache Tomcat/8.5.35
12:34:46.376 [localhost-startStop-1] INFO  o.a.c.c.C.[.[localhost].[/] (DirectJDKLog.java:180) - Initializing Spring embedded WebApplicationContext
12:34:46.376 [localhost-startStop-1] INFO  o.s.web.context.ContextLoader (EmbeddedWebApplicationContext.java:287) - Root WebApplicationContext: initialization completed in 15552 ms
12:34:47.216 [localhost-startStop-1] INFO  o.s.b.w.s.FilterRegistrationBean (AbstractFilterRegistrationBean.java:259) - Mapping filter: 'metricsFilter' to: [/*]
12:34:47.216 [localhost-startStop-1] INFO  o.s.b.w.s.FilterRegistrationBean (AbstractFilterRegistrationBean.java:259) - Mapping filter: 'grailsCorsFilter' to: [/*]
12:34:47.216 [localhost-startStop-1] INFO  o.s.b.w.s.FilterRegistrationBean (AbstractFilterRegistrationBean.java:272) - Mapping filter: 'characterEncodingFilter' to urls: [/*]
12:34:47.216 [localhost-startStop-1] INFO  o.s.b.w.s.FilterRegistrationBean (AbstractFilterRegistrationBean.java:272) - Mapping filter: 'hiddenHttpMethodFilter' to urls: [/*]
12:34:47.216 [localhost-startStop-1] INFO  o.s.b.w.s.FilterRegistrationBean (AbstractFilterRegistrationBean.java:272) - Mapping filter: 'grailsWebRequestFilter' to urls: [/*]
12:34:47.216 [localhost-startStop-1] INFO  o.s.b.w.s.FilterRegistrationBean (AbstractFilterRegistrationBean.java:272) - Mapping filter: 'filterChainProxy' to urls: [/*]
12:34:47.216 [localhost-startStop-1] INFO  o.s.b.w.s.FilterRegistrationBean (AbstractFilterRegistrationBean.java:259) - Mapping filter: 'webRequestLoggingFilter' to: [/*]
12:34:47.217 [localhost-startStop-1] INFO  o.s.b.w.s.FilterRegistrationBean (AbstractFilterRegistrationBean.java:272) - Mapping filter: 'assetPipelineFilter' to urls: [/assets/*]
12:34:47.217 [localhost-startStop-1] INFO  o.s.b.w.s.FilterRegistrationBean (AbstractFilterRegistrationBean.java:223) - Filter securityRequestHolderFilter was not registered (disabled)
12:34:47.217 [localhost-startStop-1] INFO  o.s.b.w.s.FilterRegistrationBean (AbstractFilterRegistrationBean.java:223) - Filter securityContextPersistenceFilter was not registered (disabled)
12:34:47.217 [localhost-startStop-1] INFO  o.s.b.w.s.FilterRegistrationBean (AbstractFilterRegistrationBean.java:223) - Filter mutableLogoutFilter was not registered (disabled)
12:34:47.217 [localhost-startStop-1] INFO  o.s.b.w.s.FilterRegistrationBean (AbstractFilterRegistrationBean.java:223) - Filter grailsUsernamePasswordAuthenticationFilter was not registered (disabled)
12:34:47.217 [localhost-startStop-1] INFO  o.s.b.w.s.FilterRegistrationBean (AbstractFilterRegistrationBean.java:223) - Filter securityContextHolderAwareRequestFilter was not registered (disabled)
12:34:47.218 [localhost-startStop-1] INFO  o.s.b.w.s.FilterRegistrationBean (AbstractFilterRegistrationBean.java:223) - Filter grailsRememberMeAuthenticationFilter was not registered (disabled)
12:34:47.218 [localhost-startStop-1] INFO  o.s.b.w.s.FilterRegistrationBean (AbstractFilterRegistrationBean.java:223) - Filter grailsAnonymousAuthenticationFilter was not registered (disabled)
12:34:47.218 [localhost-startStop-1] INFO  o.s.b.w.s.FilterRegistrationBean (AbstractFilterRegistrationBean.java:223) - Filter updateRequestContextHolderExceptionTranslationFilter was not registered (disabled)
12:34:47.218 [localhost-startStop-1] INFO  o.s.b.w.s.FilterRegistrationBean (AbstractFilterRegistrationBean.java:223) - Filter filterSecurityInterceptor was not registered (disabled)
12:34:47.218 [localhost-startStop-1] INFO  o.s.b.w.s.FilterRegistrationBean (AbstractFilterRegistrationBean.java:259) - Mapping filter: 'applicationContextIdFilter' to: [/*]
12:34:47.218 [localhost-startStop-1] INFO  o.s.b.w.s.ServletRegistrationBean (ServletRegistrationBean.java:191) - Mapping servlet: 'grailsDispatcherServlet' to [/]
12:34:47.220 [localhost-startStop-1] INFO  o.s.b.w.s.ServletRegistrationBean (ServletRegistrationBean.java:191) - Mapping servlet: 'groovyPagesServlet' to [*.gsp]
12:34:47.220 [localhost-startStop-1] INFO  o.s.b.w.s.ServletRegistrationBean (ServletRegistrationBean.java:191) - Mapping servlet: 'webServlet' to [/dbconsole/*]
12:34:47.591 [main] INFO  o.s.w.s.m.m.a.RequestMappingHandlerMapping (AbstractHandlerMethodMapping.java:544) - Mapped "{[/error]}" onto public org.springframework.http.ResponseEntity<java.util.Map<java.lang.String, java.lang.Object>> org.springframework.boot.autoconfigure.web.BasicErrorController.error(javax.servlet.http.HttpServletRequest)
12:34:47.592 [main] INFO  o.s.w.s.m.m.a.RequestMappingHandlerMapping (AbstractHandlerMethodMapping.java:544) - Mapped "{[/error],produces=[text/html]}" onto public org.springframework.web.servlet.ModelAndView org.springframework.boot.autoconfigure.web.BasicErrorController.errorHtml(javax.servlet.http.HttpServletRequest,javax.servlet.http.HttpServletResponse)
12:34:47.642 [main] INFO  o.s.w.s.h.SimpleUrlHandlerMapping (AbstractUrlHandlerMapping.java:362) - Mapped URL path [/webjars/**] onto handler of type [class org.springframework.web.servlet.resource.ResourceHttpRequestHandler]
12:34:47.643 [main] INFO  o.s.w.s.h.SimpleUrlHandlerMapping (AbstractUrlHandlerMapping.java:362) - Mapped URL path [/static/**] onto handler of type [class org.springframework.web.servlet.resource.ResourceHttpRequestHandler]
12:34:47.691 [main] INFO  o.s.w.s.m.m.a.RequestMappingHandlerAdapter (RequestMappingHandlerAdapter.java:556) - Looking for @ControllerAdvice: org.springframework.boot.context.embedded.AnnotationConfigEmbeddedWebApplicationContext@342726f1: startup date [Thu May 21 12:34:30 CST 2020]; root of context hierarchy
12:34:48.523 [main] INFO  o.s.b.a.e.m.EndpointHandlerMapping (AbstractHandlerMethodMapping.java:544) - Mapped "{[/shutdown || /shutdown.json],methods=[POST],produces=[application/vnd.spring-boot.actuator.v1+json || application/json]}" onto public java.lang.Object org.springframework.boot.actuate.endpoint.mvc.ShutdownMvcEndpoint.invoke()
12:34:49.056 [main] INFO  o.s.w.s.m.m.a.RequestMappingHandlerMapping (AbstractHandlerMethodMapping.java:544) - Mapped "{[/error]}" onto public org.springframework.http.ResponseEntity<java.util.Map<java.lang.String, java.lang.Object>> org.springframework.boot.autoconfigure.web.BasicErrorController.error(javax.servlet.http.HttpServletRequest)
12:34:49.056 [main] INFO  o.s.w.s.m.m.a.RequestMappingHandlerMapping (AbstractHandlerMethodMapping.java:544) - Mapped "{[/error],produces=[text/html]}" onto public org.springframework.web.servlet.ModelAndView org.springframework.boot.autoconfigure.web.BasicErrorController.errorHtml(javax.servlet.http.HttpServletRequest,javax.servlet.http.HttpServletResponse)
12:34:49.064 [main] INFO  o.s.w.s.m.m.a.RequestMappingHandlerAdapter (RequestMappingHandlerAdapter.java:556) - Looking for @ControllerAdvice: org.springframework.boot.context.embedded.AnnotationConfigEmbeddedWebApplicationContext@342726f1: startup date [Thu May 21 12:34:30 CST 2020]; root of context hierarchy
12:34:51.263 [main] INFO  o.s.j.e.a.AnnotationMBeanExporter (MBeanExporter.java:431) - Registering beans for JMX exposure on startup
12:34:51.273 [main] INFO  o.s.b.a.e.j.EndpointMBeanExporter (MBeanExporter.java:431) - Registering beans for JMX exposure on startup
12:34:51.276 [main] INFO  o.g.p.d.TomcatJDBCPoolMBeanExporter (MBeanExporter.java:431) - Registering beans for JMX exposure on startup
12:34:51.280 [main] INFO  o.s.c.s.DefaultLifecycleProcessor (DefaultLifecycleProcessor.java:345) - Starting beans in phase -2147483648
12:34:51.291 [main] INFO  o.s.c.s.DefaultLifecycleProcessor (DefaultLifecycleProcessor.java:345) - Starting beans in phase 0
12:34:51.317 [main] INFO  o.s.b.a.e.j.EndpointMBeanExporter (MBeanExporter.java:679) - Located managed bean 'shutdownEndpoint': registering with JMX server as MBean [org.springframework.boot:type=Endpoint,name=shutdownEndpoint,identity=136d1d58]
12:34:51.516 [main] INFO  g.p.s.w.GrailsSecurityFilterChain (GrailsSecurityFilterChain.groovy:43) - Creating filter chain: Ant [pattern='/**'], [grails.plugin.springsecurity.web.SecurityRequestHolderFilter@3489348b, org.springframework.security.web.context.SecurityContextPersistenceFilter@41ecbe1d, grails.plugin.springsecurity.web.authentication.logout.MutableLogoutFilter@6960df64, grails.plugin.springsecurity.web.authentication.GrailsUsernamePasswordAuthenticationFilter@64236438, org.springframework.security.web.servletapi.SecurityContextHolderAwareRequestFilter@35a99e0b, grails.plugin.springsecurity.web.filter.GrailsRememberMeAuthenticationFilter@721c14bd, grails.plugin.springsecurity.web.filter.GrailsAnonymousAuthenticationFilter@74d3308, grails.plugin.springsecurity.web.UpdateRequestContextHolderExceptionTranslationFilter@6f31845d, org.springframework.security.web.access.intercept.FilterSecurityInterceptor@6d1f71d1]
12:34:53.393 [main] INFO  o.a.c.http11.Http11NioProtocol (DirectJDKLog.java:180) - Starting ProtocolHandler ["http-nio-80"]
12:34:53.405 [main] INFO  o.a.t.util.net.NioSelectorPool (DirectJDKLog.java:180) - Using a shared selector for servlet write/read
12:34:53.438 [main] INFO  o.a.c.c.C.[.[localhost].[/] (DirectJDKLog.java:180) - Initializing Spring FrameworkServlet 'grailsDispatcherServlet'
12:34:53.438 [main] INFO  o.g.w.s.m.GrailsDispatcherServlet (FrameworkServlet.java:489) - FrameworkServlet 'grailsDispatcherServlet': initialization started
12:34:53.455 [main] INFO  o.g.w.s.m.GrailsDispatcherServlet (FrameworkServlet.java:508) - FrameworkServlet 'grailsDispatcherServlet': initialization completed in 17 ms
12:34:53.456 [main] INFO  o.s.b.c.e.t.TomcatEmbeddedServletContainer (TomcatEmbeddedServletContainer.java:216) - Tomcat started on port(s): 80 (http)
12:34:53.461 [main] INFO  blog.Application (StartupInfoLogger.java:57) - Started Application in 23.612 seconds (JVM running for 26.127)
12:34:53.461 [main] INFO  grails.boot.GrailsApp (GrailsApp.groovy:88) - Application starting in environment: development
12:34:54.056 [http-nio-80-exec-2] INFO  o.s.s.c.SpringSecurityCoreVersion (SpringSecurityCoreVersion.java:75) - You are running with Spring Security Core 4.2.10.RELEASE
17:57:52.425 [main] INFO  blog.Application (StartupInfoLogger.java:48) - Starting Application on DESKTOP-SJUQLTD with PID 20724 (E:\ws\blog\build\classes\main started by 86178 in E:\ws\blog)
17:57:52.433 [main] INFO  blog.Application (SpringApplication.java:597) - The following profiles are active: development
17:57:52.487 [main] INFO  o.s.b.c.e.AnnotationConfigEmbeddedWebApplicationContext (AbstractApplicationContext.java:583) - Refreshing org.springframework.boot.context.embedded.AnnotationConfigEmbeddedWebApplicationContext@342726f1: startup date [Thu May 21 17:57:52 CST 2020]; root of context hierarchy
17:57:53.562 [background-preinit] INFO  o.h.v.internal.util.Version (Version.java:30) - HV000001: Hibernate Validator 5.3.6.Final
17:57:54.352 [main] INFO  g.p.DefaultGrailsPluginManager (DefaultGrailsPluginManager.java:389) - Attempting to load [0] user defined plugins
17:57:54.353 [main] INFO  g.p.DefaultGrailsPluginManager (DefaultGrailsPluginManager.java:594) - Grails plug-in [console] with version [unspecified] loaded successfully
17:57:54.354 [main] INFO  g.p.DefaultGrailsPluginManager (DefaultGrailsPluginManager.java:594) - Grails plug-in [eventBus] with version [3.3.2] loaded successfully
17:57:54.355 [main] INFO  g.p.DefaultGrailsPluginManager (DefaultGrailsPluginManager.java:594) - Grails plug-in [fields] with version [2.2.8] loaded successfully
17:57:54.355 [main] INFO  g.p.DefaultGrailsPluginManager (DefaultGrailsPluginManager.java:594) - Grails plug-in [core] with version [3.3.9] loaded successfully
17:57:54.356 [main] INFO  g.p.DefaultGrailsPluginManager (DefaultGrailsPluginManager.java:594) - Grails plug-in [restResponder] with version [3.3.9] loaded successfully
17:57:54.363 [main] INFO  g.p.DefaultGrailsPluginManager (DefaultGrailsPluginManager.java:594) - Grails plug-in [codecs] with version [3.3.9] loaded successfully
17:57:54.363 [main] INFO  g.p.DefaultGrailsPluginManager (DefaultGrailsPluginManager.java:594) - Grails plug-in [dataBinding] with version [3.3.9] loaded successfully
17:57:54.364 [main] INFO  g.p.DefaultGrailsPluginManager (DefaultGrailsPluginManager.java:594) - Grails plug-in [dataSource] with version [3.3.9] loaded successfully
17:57:54.364 [main] INFO  g.p.DefaultGrailsPluginManager (DefaultGrailsPluginManager.java:594) - Grails plug-in [runtimeDatasources] with version [0.2-grails3] loaded successfully
17:57:54.365 [main] INFO  g.p.DefaultGrailsPluginManager (DefaultGrailsPluginManager.java:594) - Grails plug-in [i18n] with version [3.3.9] loaded successfully
17:57:54.365 [main] INFO  g.p.DefaultGrailsPluginManager (DefaultGrailsPluginManager.java:594) - Grails plug-in [urlMappings] with version [3.3.9] loaded successfully
17:57:54.366 [main] INFO  g.p.DefaultGrailsPluginManager (DefaultGrailsPluginManager.java:594) - Grails plug-in [controllers] with version [3.3.9] loaded successfully
17:57:54.367 [main] INFO  g.p.DefaultGrailsPluginManager (DefaultGrailsPluginManager.java:594) - Grails plug-in [domainClass] with version [3.3.9] loaded successfully
17:57:54.367 [main] INFO  g.p.DefaultGrailsPluginManager (DefaultGrailsPluginManager.java:594) - Grails plug-in [mimeTypes] with version [3.3.9] loaded successfully
17:57:54.367 [main] INFO  g.p.DefaultGrailsPluginManager (DefaultGrailsPluginManager.java:594) - Grails plug-in [assetPipeline] with version [2.15.1] loaded successfully
17:57:54.368 [main] INFO  g.p.DefaultGrailsPluginManager (DefaultGrailsPluginManager.java:594) - Grails plug-in [controllersAsync] with version [3.3.2] loaded successfully
17:57:54.368 [main] INFO  g.p.DefaultGrailsPluginManager (DefaultGrailsPluginManager.java:594) - Grails plug-in [groovyPages] with version [3.3.2] loaded successfully
17:57:54.368 [main] INFO  g.p.DefaultGrailsPluginManager (DefaultGrailsPluginManager.java:594) - Grails plug-in [hibernate] with version [6.1.11] loaded successfully
17:57:54.369 [main] INFO  g.p.DefaultGrailsPluginManager (DefaultGrailsPluginManager.java:594) - Grails plug-in [converters] with version [3.3.9] loaded successfully
17:57:54.370 [main] INFO  g.p.DefaultGrailsPluginManager (DefaultGrailsPluginManager.java:594) - Grails plug-in [interceptors] with version [3.3.9] loaded successfully
17:57:54.370 [main] INFO  g.p.DefaultGrailsPluginManager (DefaultGrailsPluginManager.java:594) - Grails plug-in [services] with version [3.3.9] loaded successfully
17:57:54.371 [main] INFO  g.p.DefaultGrailsPluginManager (DefaultGrailsPluginManager.java:594) - Grails plug-in [scaffolding] with version [3.4.1] loaded successfully
17:57:54.371 [main] INFO  g.p.DefaultGrailsPluginManager (DefaultGrailsPluginManager.java:594) - Grails plug-in [cache] with version [4.0.1] loaded successfully
17:57:54.371 [main] INFO  g.p.DefaultGrailsPluginManager (DefaultGrailsPluginManager.java:594) - Grails plug-in [springSecurityCore] with version [3.2.1] loaded successfully
17:57:56.041 [main] INFO  g.p.s.SpringSecurityCoreGrailsPlugin (SpringSecurityCoreGrailsPlugin.groovy:171) - 
Configuring Spring Security Core ...
17:57:56.151 [main] INFO  g.p.s.SpringSecurityCoreGrailsPlugin (SpringSecurityCoreGrailsPlugin.groovy:635) - ... finished configuring Spring Security Core

17:57:56.184 [main] INFO  o.s.b.f.s.DefaultListableBeanFactory (DefaultListableBeanFactory.java:826) - Overriding bean definition for bean 'characterEncodingFilter' with a different definition: replacing [Root bean: class [null]; scope=; abstract=false; lazyInit=false; autowireMode=3; dependencyCheck=0; autowireCandidate=true; primary=false; factoryBeanName=org.springframework.boot.autoconfigure.web.HttpEncodingAutoConfiguration; factoryMethodName=characterEncodingFilter; initMethodName=null; destroyMethodName=(inferred); defined in class path resource [org/springframework/boot/autoconfigure/web/HttpEncodingAutoConfiguration.class]] with [Generic bean: class [org.springframework.boot.web.servlet.FilterRegistrationBean]; scope=singleton; abstract=false; lazyInit=false; autowireMode=0; dependencyCheck=0; autowireCandidate=true; primary=false; factoryBeanName=null; factoryMethodName=null; initMethodName=null; destroyMethodName=null]
17:57:56.186 [main] INFO  o.s.b.f.s.DefaultListableBeanFactory (DefaultListableBeanFactory.java:826) - Overriding bean definition for bean 'propertySourcesPlaceholderConfigurer' with a different definition: replacing [Root bean: class [org.springframework.boot.autoconfigure.context.PropertyPlaceholderAutoConfiguration]; scope=; abstract=false; lazyInit=false; autowireMode=3; dependencyCheck=0; autowireCandidate=true; primary=false; factoryBeanName=null; factoryMethodName=propertySourcesPlaceholderConfigurer; initMethodName=null; destroyMethodName=(inferred); defined in class path resource [org/springframework/boot/autoconfigure/context/PropertyPlaceholderAutoConfiguration.class]] with [Generic bean: class [org.grails.spring.context.support.GrailsPlaceholderConfigurer]; scope=singleton; abstract=false; lazyInit=false; autowireMode=0; dependencyCheck=0; autowireCandidate=true; primary=false; factoryBeanName=null; factoryMethodName=null; initMethodName=null; destroyMethodName=null]
17:57:56.188 [main] INFO  o.s.b.f.s.DefaultListableBeanFactory (DefaultListableBeanFactory.java:826) - Overriding bean definition for bean 'multipartConfigElement' with a different definition: replacing [Root bean: class [null]; scope=; abstract=false; lazyInit=false; autowireMode=3; dependencyCheck=0; autowireCandidate=true; primary=false; factoryBeanName=org.springframework.boot.autoconfigure.web.MultipartAutoConfiguration; factoryMethodName=multipartConfigElement; initMethodName=null; destroyMethodName=(inferred); defined in class path resource [org/springframework/boot/autoconfigure/web/MultipartAutoConfiguration.class]] with [Generic bean: class [javax.servlet.MultipartConfigElement]; scope=singleton; abstract=false; lazyInit=false; autowireMode=0; dependencyCheck=0; autowireCandidate=true; primary=false; factoryBeanName=null; factoryMethodName=null; initMethodName=null; destroyMethodName=null]
17:57:56.189 [main] INFO  o.s.b.f.s.DefaultListableBeanFactory (DefaultListableBeanFactory.java:826) - Overriding bean definition for bean 'multipartResolver' with a different definition: replacing [Root bean: class [null]; scope=; abstract=false; lazyInit=false; autowireMode=3; dependencyCheck=0; autowireCandidate=true; primary=false; factoryBeanName=org.springframework.boot.autoconfigure.web.MultipartAutoConfiguration; factoryMethodName=multipartResolver; initMethodName=null; destroyMethodName=(inferred); defined in class path resource [org/springframework/boot/autoconfigure/web/MultipartAutoConfiguration.class]] with [Generic bean: class [org.springframework.web.multipart.support.StandardServletMultipartResolver]; scope=singleton; abstract=false; lazyInit=false; autowireMode=0; dependencyCheck=0; autowireCandidate=true; primary=false; factoryBeanName=null; factoryMethodName=null; initMethodName=null; destroyMethodName=null]
17:57:56.190 [main] INFO  o.s.b.f.s.DefaultListableBeanFactory (DefaultListableBeanFactory.java:826) - Overriding bean definition for bean 'dispatcherServlet' with a different definition: replacing [Root bean: class [null]; scope=; abstract=false; lazyInit=false; autowireMode=3; dependencyCheck=0; autowireCandidate=true; primary=false; factoryBeanName=org.springframework.boot.autoconfigure.web.DispatcherServletAutoConfiguration$DispatcherServletConfiguration; factoryMethodName=dispatcherServlet; initMethodName=null; destroyMethodName=(inferred); defined in class path resource [org/springframework/boot/autoconfigure/web/DispatcherServletAutoConfiguration$DispatcherServletConfiguration.class]] with [Generic bean: class [org.grails.web.servlet.mvc.GrailsDispatcherServlet]; scope=singleton; abstract=false; lazyInit=false; autowireMode=0; dependencyCheck=0; autowireCandidate=true; primary=false; factoryBeanName=null; factoryMethodName=null; initMethodName=null; destroyMethodName=null]
17:57:56.191 [main] INFO  o.s.b.f.s.DefaultListableBeanFactory (DefaultListableBeanFactory.java:826) - Overriding bean definition for bean 'dispatcherServletRegistration' with a different definition: replacing [Root bean: class [null]; scope=; abstract=false; lazyInit=false; autowireMode=3; dependencyCheck=0; autowireCandidate=true; primary=false; factoryBeanName=org.springframework.boot.autoconfigure.web.DispatcherServletAutoConfiguration$DispatcherServletRegistrationConfiguration; factoryMethodName=dispatcherServletRegistration; initMethodName=null; destroyMethodName=(inferred); defined in class path resource [org/springframework/boot/autoconfigure/web/DispatcherServletAutoConfiguration$DispatcherServletRegistrationConfiguration.class]] with [Generic bean: class [org.springframework.boot.web.servlet.ServletRegistrationBean]; scope=singleton; abstract=false; lazyInit=false; autowireMode=0; dependencyCheck=0; autowireCandidate=true; primary=false; factoryBeanName=null; factoryMethodName=null; initMethodName=null; destroyMethodName=null]
17:57:56.886 [main] INFO  o.s.c.s.PostProcessorRegistrationDelegate$BeanPostProcessorChecker (PostProcessorRegistrationDelegate.java:327) - Bean 'classLoader' of type [org.springframework.beans.factory.config.MethodInvokingFactoryBean] is not eligible for getting processed by all BeanPostProcessors (for example: not eligible for auto-proxying)
17:57:56.943 [main] INFO  o.s.c.s.PostProcessorRegistrationDelegate$BeanPostProcessorChecker (PostProcessorRegistrationDelegate.java:327) - Bean 'grailsPromiseFactory' of type [org.grails.plugins.web.async.spring.PromiseFactoryBean] is not eligible for getting processed by all BeanPostProcessors (for example: not eligible for auto-proxying)
17:57:56.975 [main] INFO  o.s.c.s.PostProcessorRegistrationDelegate$BeanPostProcessorChecker (PostProcessorRegistrationDelegate.java:327) - Bean 'grailsPromiseFactory' of type [org.grails.async.factory.future.CachedThreadPoolPromiseFactory] is not eligible for getting processed by all BeanPostProcessors (for example: not eligible for auto-proxying)
17:57:56.990 [main] INFO  o.s.c.s.PostProcessorRegistrationDelegate$BeanPostProcessorChecker (PostProcessorRegistrationDelegate.java:327) - Bean 'grailsEventBus' of type [org.grails.events.bus.spring.EventBusFactoryBean] is not eligible for getting processed by all BeanPostProcessors (for example: not eligible for auto-proxying)
17:57:56.991 [main] INFO  o.s.c.s.PostProcessorRegistrationDelegate$BeanPostProcessorChecker (PostProcessorRegistrationDelegate.java:327) - Bean 'grailsEventBus' of type [org.grails.events.bus.ExecutorEventBus] is not eligible for getting processed by all BeanPostProcessors (for example: not eligible for auto-proxying)
17:57:57.051 [main] INFO  o.s.c.s.PostProcessorRegistrationDelegate$BeanPostProcessorChecker (PostProcessorRegistrationDelegate.java:327) - Bean 'messageSource' of type [org.grails.spring.context.support.PluginAwareResourceBundleMessageSource] is not eligible for getting processed by all BeanPostProcessors (for example: not eligible for auto-proxying)
17:57:57.310 [main] INFO  o.s.c.s.PostProcessorRegistrationDelegate$BeanPostProcessorChecker (PostProcessorRegistrationDelegate.java:327) - Bean 'grailsUrlConverter' of type [grails.web.CamelCaseUrlConverter] is not eligible for getting processed by all BeanPostProcessors (for example: not eligible for auto-proxying)
17:57:57.324 [main] INFO  o.s.c.s.PostProcessorRegistrationDelegate$BeanPostProcessorChecker (PostProcessorRegistrationDelegate.java:327) - Bean '(inner bean)#66ab924' of type [org.grails.web.mapping.UrlMappingsHolderFactoryBean] is not eligible for getting processed by all BeanPostProcessors (for example: not eligible for auto-proxying)
17:57:57.325 [main] INFO  o.s.c.s.PostProcessorRegistrationDelegate$BeanPostProcessorChecker (PostProcessorRegistrationDelegate.java:327) - Bean '(inner bean)#66ab924' of type [org.grails.web.mapping.mvc.GrailsControllerUrlMappings] is not eligible for getting processed by all BeanPostProcessors (for example: not eligible for auto-proxying)
17:57:57.325 [main] INFO  o.s.c.s.PostProcessorRegistrationDelegate$BeanPostProcessorChecker (PostProcessorRegistrationDelegate.java:327) - Bean 'urlMappingsTargetSource' of type [org.grails.spring.beans.factory.HotSwappableTargetSourceFactoryBean] is not eligible for getting processed by all BeanPostProcessors (for example: not eligible for auto-proxying)
17:57:57.326 [main] INFO  o.s.c.s.PostProcessorRegistrationDelegate$BeanPostProcessorChecker (PostProcessorRegistrationDelegate.java:327) - Bean 'urlMappingsTargetSource' of type [org.springframework.aop.target.HotSwappableTargetSource] is not eligible for getting processed by all BeanPostProcessors (for example: not eligible for auto-proxying)
17:57:57.326 [main] INFO  o.s.c.s.PostProcessorRegistrationDelegate$BeanPostProcessorChecker (PostProcessorRegistrationDelegate.java:327) - Bean 'grailsUrlMappingsHolder' of type [org.springframework.aop.framework.ProxyFactoryBean] is not eligible for getting processed by all BeanPostProcessors (for example: not eligible for auto-proxying)
17:57:57.340 [main] INFO  o.s.c.s.PostProcessorRegistrationDelegate$BeanPostProcessorChecker (PostProcessorRegistrationDelegate.java:327) - Bean 'dataSourceConnectionSourceFactory' of type [org.grails.datastore.gorm.jdbc.connections.CachedDataSourceConnectionSourceFactory] is not eligible for getting processed by all BeanPostProcessors (for example: not eligible for auto-proxying)
17:57:57.340 [main] INFO  o.s.c.s.PostProcessorRegistrationDelegate$BeanPostProcessorChecker (PostProcessorRegistrationDelegate.java:327) - Bean 'hibernateConnectionSourceFactory' of type [org.grails.orm.hibernate.connections.HibernateConnectionSourceFactory] is not eligible for getting processed by all BeanPostProcessors (for example: not eligible for auto-proxying)
17:57:59.458 [main] INFO  org.hibernate.Version (Version.java:37) - HHH000412: Hibernate Core {5.1.16.Final}
17:57:59.460 [main] INFO  org.hibernate.cfg.Environment (Environment.java:213) - HHH000206: hibernate.properties not found
17:57:59.462 [main] INFO  org.hibernate.cfg.Environment (Environment.java:317) - HHH000021: Bytecode provider name : javassist
17:57:59.510 [main] INFO  o.h.v.i.engine.ConfigurationImpl (ConfigurationImpl.java:462) - HV000002: Ignoring XML configuration.
17:57:59.820 [main] INFO  o.h.annotations.common.Version (JavaReflectionManager.java:66) - HCANN000001: Hibernate Commons Annotations {5.0.1.Final}
17:57:59.922 [main] INFO  org.hibernate.dialect.Dialect (Dialect.java:156) - HHH000400: Using dialect: org.hibernate.dialect.MySQL5InnoDBDialect
17:58:02.006 [main] INFO  o.g.o.h.GrailsHibernateTransactionManager (HibernateTransactionManager.java:357) - Using DataSource [org.springframework.jdbc.datasource.TransactionAwareDataSourceProxy@5397d41e] of Hibernate SessionFactory for HibernateTransactionManager
17:58:02.023 [main] INFO  o.h.v.i.engine.ConfigurationImpl (ConfigurationImpl.java:462) - HV000002: Ignoring XML configuration.
17:58:02.199 [main] INFO  o.s.b.f.x.XmlBeanDefinitionReader (XmlBeanDefinitionReader.java:317) - Loading XML bean definitions from class path resource [org/springframework/jdbc/support/sql-error-codes.xml]
17:58:02.293 [main] INFO  o.h.v.i.engine.ConfigurationImpl (ConfigurationImpl.java:462) - HV000002: Ignoring XML configuration.
17:58:02.298 [main] INFO  o.h.v.i.engine.ConfigurationImpl (ConfigurationImpl.java:462) - HV000002: Ignoring XML configuration.
17:58:02.307 [main] INFO  o.s.c.s.PostProcessorRegistrationDelegate$BeanPostProcessorChecker (PostProcessorRegistrationDelegate.java:327) - Bean 'hibernateDatastore' of type [org.grails.orm.hibernate.HibernateDatastore] is not eligible for getting processed by all BeanPostProcessors (for example: not eligible for auto-proxying)
17:58:03.146 [main] INFO  o.s.b.c.e.t.TomcatEmbeddedServletContainer (TomcatEmbeddedServletContainer.java:92) - Tomcat initialized with port(s): 80 (http)
17:58:03.162 [main] INFO  o.a.c.http11.Http11NioProtocol (DirectJDKLog.java:180) - Initializing ProtocolHandler ["http-nio-80"]
17:58:03.178 [main] INFO  o.a.c.core.StandardService (DirectJDKLog.java:180) - Starting service [Tomcat]
17:58:03.178 [main] INFO  o.a.catalina.core.StandardEngine (DirectJDKLog.java:180) - Starting Servlet Engine: Apache Tomcat/8.5.35
17:58:03.319 [localhost-startStop-1] INFO  o.a.c.c.C.[.[localhost].[/] (DirectJDKLog.java:180) - Initializing Spring embedded WebApplicationContext
17:58:03.320 [localhost-startStop-1] INFO  o.s.web.context.ContextLoader (EmbeddedWebApplicationContext.java:287) - Root WebApplicationContext: initialization completed in 10833 ms
17:58:04.132 [localhost-startStop-1] INFO  o.s.b.w.s.FilterRegistrationBean (AbstractFilterRegistrationBean.java:259) - Mapping filter: 'metricsFilter' to: [/*]
17:58:04.132 [localhost-startStop-1] INFO  o.s.b.w.s.FilterRegistrationBean (AbstractFilterRegistrationBean.java:259) - Mapping filter: 'grailsCorsFilter' to: [/*]
17:58:04.133 [localhost-startStop-1] INFO  o.s.b.w.s.FilterRegistrationBean (AbstractFilterRegistrationBean.java:272) - Mapping filter: 'characterEncodingFilter' to urls: [/*]
17:58:04.133 [localhost-startStop-1] INFO  o.s.b.w.s.FilterRegistrationBean (AbstractFilterRegistrationBean.java:272) - Mapping filter: 'hiddenHttpMethodFilter' to urls: [/*]
17:58:04.133 [localhost-startStop-1] INFO  o.s.b.w.s.FilterRegistrationBean (AbstractFilterRegistrationBean.java:272) - Mapping filter: 'grailsWebRequestFilter' to urls: [/*]
17:58:04.133 [localhost-startStop-1] INFO  o.s.b.w.s.FilterRegistrationBean (AbstractFilterRegistrationBean.java:272) - Mapping filter: 'filterChainProxy' to urls: [/*]
17:58:04.133 [localhost-startStop-1] INFO  o.s.b.w.s.FilterRegistrationBean (AbstractFilterRegistrationBean.java:259) - Mapping filter: 'webRequestLoggingFilter' to: [/*]
17:58:04.134 [localhost-startStop-1] INFO  o.s.b.w.s.FilterRegistrationBean (AbstractFilterRegistrationBean.java:272) - Mapping filter: 'assetPipelineFilter' to urls: [/assets/*]
17:58:04.134 [localhost-startStop-1] INFO  o.s.b.w.s.FilterRegistrationBean (AbstractFilterRegistrationBean.java:223) - Filter securityRequestHolderFilter was not registered (disabled)
17:58:04.134 [localhost-startStop-1] INFO  o.s.b.w.s.FilterRegistrationBean (AbstractFilterRegistrationBean.java:223) - Filter securityContextPersistenceFilter was not registered (disabled)
17:58:04.134 [localhost-startStop-1] INFO  o.s.b.w.s.FilterRegistrationBean (AbstractFilterRegistrationBean.java:223) - Filter mutableLogoutFilter was not registered (disabled)
17:58:04.134 [localhost-startStop-1] INFO  o.s.b.w.s.FilterRegistrationBean (AbstractFilterRegistrationBean.java:223) - Filter grailsUsernamePasswordAuthenticationFilter was not registered (disabled)
17:58:04.134 [localhost-startStop-1] INFO  o.s.b.w.s.FilterRegistrationBean (AbstractFilterRegistrationBean.java:223) - Filter securityContextHolderAwareRequestFilter was not registered (disabled)
17:58:04.134 [localhost-startStop-1] INFO  o.s.b.w.s.FilterRegistrationBean (AbstractFilterRegistrationBean.java:223) - Filter grailsRememberMeAuthenticationFilter was not registered (disabled)
17:58:04.135 [localhost-startStop-1] INFO  o.s.b.w.s.FilterRegistrationBean (AbstractFilterRegistrationBean.java:223) - Filter grailsAnonymousAuthenticationFilter was not registered (disabled)
17:58:04.135 [localhost-startStop-1] INFO  o.s.b.w.s.FilterRegistrationBean (AbstractFilterRegistrationBean.java:223) - Filter updateRequestContextHolderExceptionTranslationFilter was not registered (disabled)
17:58:04.135 [localhost-startStop-1] INFO  o.s.b.w.s.FilterRegistrationBean (AbstractFilterRegistrationBean.java:223) - Filter filterSecurityInterceptor was not registered (disabled)
17:58:04.135 [localhost-startStop-1] INFO  o.s.b.w.s.FilterRegistrationBean (AbstractFilterRegistrationBean.java:259) - Mapping filter: 'applicationContextIdFilter' to: [/*]
17:58:04.136 [localhost-startStop-1] INFO  o.s.b.w.s.ServletRegistrationBean (ServletRegistrationBean.java:191) - Mapping servlet: 'grailsDispatcherServlet' to [/]
17:58:04.137 [localhost-startStop-1] INFO  o.s.b.w.s.ServletRegistrationBean (ServletRegistrationBean.java:191) - Mapping servlet: 'groovyPagesServlet' to [*.gsp]
17:58:04.138 [localhost-startStop-1] INFO  o.s.b.w.s.ServletRegistrationBean (ServletRegistrationBean.java:191) - Mapping servlet: 'webServlet' to [/dbconsole/*]
17:58:04.514 [main] INFO  o.s.w.s.m.m.a.RequestMappingHandlerMapping (AbstractHandlerMethodMapping.java:544) - Mapped "{[/error]}" onto public org.springframework.http.ResponseEntity<java.util.Map<java.lang.String, java.lang.Object>> org.springframework.boot.autoconfigure.web.BasicErrorController.error(javax.servlet.http.HttpServletRequest)
17:58:04.516 [main] INFO  o.s.w.s.m.m.a.RequestMappingHandlerMapping (AbstractHandlerMethodMapping.java:544) - Mapped "{[/error],produces=[text/html]}" onto public org.springframework.web.servlet.ModelAndView org.springframework.boot.autoconfigure.web.BasicErrorController.errorHtml(javax.servlet.http.HttpServletRequest,javax.servlet.http.HttpServletResponse)
17:58:04.565 [main] INFO  o.s.w.s.h.SimpleUrlHandlerMapping (AbstractUrlHandlerMapping.java:362) - Mapped URL path [/webjars/**] onto handler of type [class org.springframework.web.servlet.resource.ResourceHttpRequestHandler]
17:58:04.565 [main] INFO  o.s.w.s.h.SimpleUrlHandlerMapping (AbstractUrlHandlerMapping.java:362) - Mapped URL path [/static/**] onto handler of type [class org.springframework.web.servlet.resource.ResourceHttpRequestHandler]
17:58:04.613 [main] INFO  o.s.w.s.m.m.a.RequestMappingHandlerAdapter (RequestMappingHandlerAdapter.java:556) - Looking for @ControllerAdvice: org.springframework.boot.context.embedded.AnnotationConfigEmbeddedWebApplicationContext@342726f1: startup date [Thu May 21 17:57:52 CST 2020]; root of context hierarchy
17:58:05.420 [main] INFO  o.s.b.a.e.m.EndpointHandlerMapping (AbstractHandlerMethodMapping.java:544) - Mapped "{[/shutdown || /shutdown.json],methods=[POST],produces=[application/vnd.spring-boot.actuator.v1+json || application/json]}" onto public java.lang.Object org.springframework.boot.actuate.endpoint.mvc.ShutdownMvcEndpoint.invoke()
17:58:05.944 [main] INFO  o.s.w.s.m.m.a.RequestMappingHandlerMapping (AbstractHandlerMethodMapping.java:544) - Mapped "{[/error]}" onto public org.springframework.http.ResponseEntity<java.util.Map<java.lang.String, java.lang.Object>> org.springframework.boot.autoconfigure.web.BasicErrorController.error(javax.servlet.http.HttpServletRequest)
17:58:05.945 [main] INFO  o.s.w.s.m.m.a.RequestMappingHandlerMapping (AbstractHandlerMethodMapping.java:544) - Mapped "{[/error],produces=[text/html]}" onto public org.springframework.web.servlet.ModelAndView org.springframework.boot.autoconfigure.web.BasicErrorController.errorHtml(javax.servlet.http.HttpServletRequest,javax.servlet.http.HttpServletResponse)
17:58:05.952 [main] INFO  o.s.w.s.m.m.a.RequestMappingHandlerAdapter (RequestMappingHandlerAdapter.java:556) - Looking for @ControllerAdvice: org.springframework.boot.context.embedded.AnnotationConfigEmbeddedWebApplicationContext@342726f1: startup date [Thu May 21 17:57:52 CST 2020]; root of context hierarchy
17:58:08.081 [main] INFO  o.s.j.e.a.AnnotationMBeanExporter (MBeanExporter.java:431) - Registering beans for JMX exposure on startup
17:58:08.089 [main] INFO  o.s.b.a.e.j.EndpointMBeanExporter (MBeanExporter.java:431) - Registering beans for JMX exposure on startup
17:58:08.091 [main] INFO  o.g.p.d.TomcatJDBCPoolMBeanExporter (MBeanExporter.java:431) - Registering beans for JMX exposure on startup
17:58:08.096 [main] INFO  o.s.c.s.DefaultLifecycleProcessor (DefaultLifecycleProcessor.java:345) - Starting beans in phase -2147483648
17:58:08.106 [main] INFO  o.s.c.s.DefaultLifecycleProcessor (DefaultLifecycleProcessor.java:345) - Starting beans in phase 0
17:58:08.130 [main] INFO  o.s.b.a.e.j.EndpointMBeanExporter (MBeanExporter.java:679) - Located managed bean 'shutdownEndpoint': registering with JMX server as MBean [org.springframework.boot:type=Endpoint,name=shutdownEndpoint,identity=7e0fc5d0]
17:58:08.330 [main] INFO  g.p.s.w.GrailsSecurityFilterChain (GrailsSecurityFilterChain.groovy:43) - Creating filter chain: Ant [pattern='/**'], [grails.plugin.springsecurity.web.SecurityRequestHolderFilter@579088a7, org.springframework.security.web.context.SecurityContextPersistenceFilter@1eb003f2, grails.plugin.springsecurity.web.authentication.logout.MutableLogoutFilter@70176a42, grails.plugin.springsecurity.web.authentication.GrailsUsernamePasswordAuthenticationFilter@56aef883, org.springframework.security.web.servletapi.SecurityContextHolderAwareRequestFilter@671d1f5b, grails.plugin.springsecurity.web.filter.GrailsRememberMeAuthenticationFilter@63745d01, grails.plugin.springsecurity.web.filter.GrailsAnonymousAuthenticationFilter@66b730, grails.plugin.springsecurity.web.UpdateRequestContextHolderExceptionTranslationFilter@183c18e2, org.springframework.security.web.access.intercept.FilterSecurityInterceptor@50a386f4]
17:58:08.921 [main] INFO  o.a.c.http11.Http11NioProtocol (DirectJDKLog.java:180) - Starting ProtocolHandler ["http-nio-80"]
17:58:08.932 [main] INFO  o.a.t.util.net.NioSelectorPool (DirectJDKLog.java:180) - Using a shared selector for servlet write/read
17:58:08.966 [main] INFO  o.a.c.c.C.[.[localhost].[/] (DirectJDKLog.java:180) - Initializing Spring FrameworkServlet 'grailsDispatcherServlet'
17:58:08.967 [main] INFO  o.g.w.s.m.GrailsDispatcherServlet (FrameworkServlet.java:489) - FrameworkServlet 'grailsDispatcherServlet': initialization started
17:58:08.986 [main] INFO  o.g.w.s.m.GrailsDispatcherServlet (FrameworkServlet.java:508) - FrameworkServlet 'grailsDispatcherServlet': initialization completed in 19 ms
17:58:08.987 [main] INFO  o.s.b.c.e.t.TomcatEmbeddedServletContainer (TomcatEmbeddedServletContainer.java:216) - Tomcat started on port(s): 80 (http)
17:58:08.992 [main] INFO  blog.Application (StartupInfoLogger.java:57) - Started Application in 17.549 seconds (JVM running for 20.151)
17:58:08.993 [main] INFO  grails.boot.GrailsApp (GrailsApp.groovy:88) - Application starting in environment: development
17:58:11.104 [http-nio-80-exec-1] INFO  o.s.s.c.SpringSecurityCoreVersion (SpringSecurityCoreVersion.java:75) - You are running with Spring Security Core 4.2.10.RELEASE
