12:33:48.308 [main] INFO  blog.Application (StartupInfoLogger.java:48) - Starting Application on DESKTOP-SJUQLTD with PID 17392 (E:\ws\blog\build\classes\main started by 86178 in E:\ws\blog)
12:33:48.315 [main] INFO  blog.Application (SpringApplication.java:597) - The following profiles are active: development
12:33:48.368 [main] INFO  o.s.b.c.e.AnnotationConfigEmbeddedWebApplicationContext (AbstractApplicationContext.java:583) - Refreshing org.springframework.boot.context.embedded.AnnotationConfigEmbeddedWebApplicationContext@67110f71: startup date [Tue May 26 12:33:48 CST 2020]; root of context hierarchy
12:33:49.400 [background-preinit] INFO  o.h.v.internal.util.Version (Version.java:30) - HV000001: Hibernate Validator 5.3.6.Final
12:33:50.171 [main] INFO  g.p.DefaultGrailsPluginManager (DefaultGrailsPluginManager.java:389) - Attempting to load [0] user defined plugins
12:33:50.172 [main] INFO  g.p.DefaultGrailsPluginManager (DefaultGrailsPluginManager.java:594) - Grails plug-in [fields] with version [2.2.8] loaded successfully
12:33:50.173 [main] INFO  g.p.DefaultGrailsPluginManager (DefaultGrailsPluginManager.java:594) - Grails plug-in [i18n] with version [3.3.9] loaded successfully
12:33:50.173 [main] INFO  g.p.DefaultGrailsPluginManager (DefaultGrailsPluginManager.java:594) - Grails plug-in [eventBus] with version [3.3.2] loaded successfully
12:33:50.174 [main] INFO  g.p.DefaultGrailsPluginManager (DefaultGrailsPluginManager.java:594) - Grails plug-in [runtimeDatasources] with version [0.2-grails3] loaded successfully
12:33:50.175 [main] INFO  g.p.DefaultGrailsPluginManager (DefaultGrailsPluginManager.java:594) - Grails plug-in [dataBinding] with version [3.3.9] loaded successfully
12:33:50.175 [main] INFO  g.p.DefaultGrailsPluginManager (DefaultGrailsPluginManager.java:594) - Grails plug-in [core] with version [3.3.9] loaded successfully
12:33:50.182 [main] INFO  g.p.DefaultGrailsPluginManager (DefaultGrailsPluginManager.java:594) - Grails plug-in [codecs] with version [3.3.9] loaded successfully
12:33:50.183 [main] INFO  g.p.DefaultGrailsPluginManager (DefaultGrailsPluginManager.java:594) - Grails plug-in [restResponder] with version [3.3.9] loaded successfully
12:33:50.183 [main] INFO  g.p.DefaultGrailsPluginManager (DefaultGrailsPluginManager.java:594) - Grails plug-in [console] with version [unspecified] loaded successfully
12:33:50.185 [main] INFO  g.p.DefaultGrailsPluginManager (DefaultGrailsPluginManager.java:594) - Grails plug-in [dataSource] with version [3.3.9] loaded successfully
12:33:50.185 [main] INFO  g.p.DefaultGrailsPluginManager (DefaultGrailsPluginManager.java:594) - Grails plug-in [assetPipeline] with version [2.15.1] loaded successfully
12:33:50.186 [main] INFO  g.p.DefaultGrailsPluginManager (DefaultGrailsPluginManager.java:594) - Grails plug-in [urlMappings] with version [3.3.9] loaded successfully
12:33:50.187 [main] INFO  g.p.DefaultGrailsPluginManager (DefaultGrailsPluginManager.java:594) - Grails plug-in [controllers] with version [3.3.9] loaded successfully
12:33:50.188 [main] INFO  g.p.DefaultGrailsPluginManager (DefaultGrailsPluginManager.java:594) - Grails plug-in [groovyPages] with version [3.3.2] loaded successfully
12:33:50.189 [main] INFO  g.p.DefaultGrailsPluginManager (DefaultGrailsPluginManager.java:594) - Grails plug-in [controllersAsync] with version [3.3.2] loaded successfully
12:33:50.189 [main] INFO  g.p.DefaultGrailsPluginManager (DefaultGrailsPluginManager.java:594) - Grails plug-in [mimeTypes] with version [3.3.9] loaded successfully
12:33:50.190 [main] INFO  g.p.DefaultGrailsPluginManager (DefaultGrailsPluginManager.java:594) - Grails plug-in [domainClass] with version [3.3.9] loaded successfully
12:33:50.190 [main] INFO  g.p.DefaultGrailsPluginManager (DefaultGrailsPluginManager.java:594) - Grails plug-in [scaffolding] with version [3.4.1] loaded successfully
12:33:50.190 [main] INFO  g.p.DefaultGrailsPluginManager (DefaultGrailsPluginManager.java:594) - Grails plug-in [converters] with version [3.3.9] loaded successfully
12:33:50.191 [main] INFO  g.p.DefaultGrailsPluginManager (DefaultGrailsPluginManager.java:594) - Grails plug-in [hibernate] with version [6.1.11] loaded successfully
12:33:50.191 [main] INFO  g.p.DefaultGrailsPluginManager (DefaultGrailsPluginManager.java:594) - Grails plug-in [interceptors] with version [3.3.9] loaded successfully
12:33:50.192 [main] INFO  g.p.DefaultGrailsPluginManager (DefaultGrailsPluginManager.java:594) - Grails plug-in [services] with version [3.3.9] loaded successfully
12:33:50.192 [main] INFO  g.p.DefaultGrailsPluginManager (DefaultGrailsPluginManager.java:594) - Grails plug-in [cache] with version [4.0.1] loaded successfully
12:33:50.193 [main] INFO  g.p.DefaultGrailsPluginManager (DefaultGrailsPluginManager.java:594) - Grails plug-in [springSecurityCore] with version [3.2.1] loaded successfully
12:33:51.801 [main] INFO  g.p.s.SpringSecurityCoreGrailsPlugin (SpringSecurityCoreGrailsPlugin.groovy:171) - 
Configuring Spring Security Core ...
12:33:51.907 [main] INFO  g.p.s.SpringSecurityCoreGrailsPlugin (SpringSecurityCoreGrailsPlugin.groovy:635) - ... finished configuring Spring Security Core

12:33:51.940 [main] INFO  o.s.b.f.s.DefaultListableBeanFactory (DefaultListableBeanFactory.java:826) - Overriding bean definition for bean 'characterEncodingFilter' with a different definition: replacing [Root bean: class [null]; scope=; abstract=false; lazyInit=false; autowireMode=3; dependencyCheck=0; autowireCandidate=true; primary=false; factoryBeanName=org.springframework.boot.autoconfigure.web.HttpEncodingAutoConfiguration; factoryMethodName=characterEncodingFilter; initMethodName=null; destroyMethodName=(inferred); defined in class path resource [org/springframework/boot/autoconfigure/web/HttpEncodingAutoConfiguration.class]] with [Generic bean: class [org.springframework.boot.web.servlet.FilterRegistrationBean]; scope=singleton; abstract=false; lazyInit=false; autowireMode=0; dependencyCheck=0; autowireCandidate=true; primary=false; factoryBeanName=null; factoryMethodName=null; initMethodName=null; destroyMethodName=null]
12:33:51.942 [main] INFO  o.s.b.f.s.DefaultListableBeanFactory (DefaultListableBeanFactory.java:826) - Overriding bean definition for bean 'propertySourcesPlaceholderConfigurer' with a different definition: replacing [Root bean: class [org.springframework.boot.autoconfigure.context.PropertyPlaceholderAutoConfiguration]; scope=; abstract=false; lazyInit=false; autowireMode=3; dependencyCheck=0; autowireCandidate=true; primary=false; factoryBeanName=null; factoryMethodName=propertySourcesPlaceholderConfigurer; initMethodName=null; destroyMethodName=(inferred); defined in class path resource [org/springframework/boot/autoconfigure/context/PropertyPlaceholderAutoConfiguration.class]] with [Generic bean: class [org.grails.spring.context.support.GrailsPlaceholderConfigurer]; scope=singleton; abstract=false; lazyInit=false; autowireMode=0; dependencyCheck=0; autowireCandidate=true; primary=false; factoryBeanName=null; factoryMethodName=null; initMethodName=null; destroyMethodName=null]
12:33:51.943 [main] INFO  o.s.b.f.s.DefaultListableBeanFactory (DefaultListableBeanFactory.java:826) - Overriding bean definition for bean 'multipartConfigElement' with a different definition: replacing [Root bean: class [null]; scope=; abstract=false; lazyInit=false; autowireMode=3; dependencyCheck=0; autowireCandidate=true; primary=false; factoryBeanName=org.springframework.boot.autoconfigure.web.MultipartAutoConfiguration; factoryMethodName=multipartConfigElement; initMethodName=null; destroyMethodName=(inferred); defined in class path resource [org/springframework/boot/autoconfigure/web/MultipartAutoConfiguration.class]] with [Generic bean: class [javax.servlet.MultipartConfigElement]; scope=singleton; abstract=false; lazyInit=false; autowireMode=0; dependencyCheck=0; autowireCandidate=true; primary=false; factoryBeanName=null; factoryMethodName=null; initMethodName=null; destroyMethodName=null]
12:33:51.943 [main] INFO  o.s.b.f.s.DefaultListableBeanFactory (DefaultListableBeanFactory.java:826) - Overriding bean definition for bean 'multipartResolver' with a different definition: replacing [Root bean: class [null]; scope=; abstract=false; lazyInit=false; autowireMode=3; dependencyCheck=0; autowireCandidate=true; primary=false; factoryBeanName=org.springframework.boot.autoconfigure.web.MultipartAutoConfiguration; factoryMethodName=multipartResolver; initMethodName=null; destroyMethodName=(inferred); defined in class path resource [org/springframework/boot/autoconfigure/web/MultipartAutoConfiguration.class]] with [Generic bean: class [org.springframework.web.multipart.support.StandardServletMultipartResolver]; scope=singleton; abstract=false; lazyInit=false; autowireMode=0; dependencyCheck=0; autowireCandidate=true; primary=false; factoryBeanName=null; factoryMethodName=null; initMethodName=null; destroyMethodName=null]
12:33:51.945 [main] INFO  o.s.b.f.s.DefaultListableBeanFactory (DefaultListableBeanFactory.java:826) - Overriding bean definition for bean 'dispatcherServlet' with a different definition: replacing [Root bean: class [null]; scope=; abstract=false; lazyInit=false; autowireMode=3; dependencyCheck=0; autowireCandidate=true; primary=false; factoryBeanName=org.springframework.boot.autoconfigure.web.DispatcherServletAutoConfiguration$DispatcherServletConfiguration; factoryMethodName=dispatcherServlet; initMethodName=null; destroyMethodName=(inferred); defined in class path resource [org/springframework/boot/autoconfigure/web/DispatcherServletAutoConfiguration$DispatcherServletConfiguration.class]] with [Generic bean: class [org.grails.web.servlet.mvc.GrailsDispatcherServlet]; scope=singleton; abstract=false; lazyInit=false; autowireMode=0; dependencyCheck=0; autowireCandidate=true; primary=false; factoryBeanName=null; factoryMethodName=null; initMethodName=null; destroyMethodName=null]
12:33:51.946 [main] INFO  o.s.b.f.s.DefaultListableBeanFactory (DefaultListableBeanFactory.java:826) - Overriding bean definition for bean 'dispatcherServletRegistration' with a different definition: replacing [Root bean: class [null]; scope=; abstract=false; lazyInit=false; autowireMode=3; dependencyCheck=0; autowireCandidate=true; primary=false; factoryBeanName=org.springframework.boot.autoconfigure.web.DispatcherServletAutoConfiguration$DispatcherServletRegistrationConfiguration; factoryMethodName=dispatcherServletRegistration; initMethodName=null; destroyMethodName=(inferred); defined in class path resource [org/springframework/boot/autoconfigure/web/DispatcherServletAutoConfiguration$DispatcherServletRegistrationConfiguration.class]] with [Generic bean: class [org.springframework.boot.web.servlet.ServletRegistrationBean]; scope=singleton; abstract=false; lazyInit=false; autowireMode=0; dependencyCheck=0; autowireCandidate=true; primary=false; factoryBeanName=null; factoryMethodName=null; initMethodName=null; destroyMethodName=null]
12:33:52.619 [main] INFO  o.s.c.s.PostProcessorRegistrationDelegate$BeanPostProcessorChecker (PostProcessorRegistrationDelegate.java:327) - Bean 'classLoader' of type [org.springframework.beans.factory.config.MethodInvokingFactoryBean] is not eligible for getting processed by all BeanPostProcessors (for example: not eligible for auto-proxying)
12:33:52.673 [main] INFO  o.s.c.s.PostProcessorRegistrationDelegate$BeanPostProcessorChecker (PostProcessorRegistrationDelegate.java:327) - Bean 'grailsPromiseFactory' of type [org.grails.plugins.web.async.spring.PromiseFactoryBean] is not eligible for getting processed by all BeanPostProcessors (for example: not eligible for auto-proxying)
12:33:52.707 [main] INFO  o.s.c.s.PostProcessorRegistrationDelegate$BeanPostProcessorChecker (PostProcessorRegistrationDelegate.java:327) - Bean 'grailsPromiseFactory' of type [org.grails.async.factory.future.CachedThreadPoolPromiseFactory] is not eligible for getting processed by all BeanPostProcessors (for example: not eligible for auto-proxying)
12:33:52.721 [main] INFO  o.s.c.s.PostProcessorRegistrationDelegate$BeanPostProcessorChecker (PostProcessorRegistrationDelegate.java:327) - Bean 'grailsEventBus' of type [org.grails.events.bus.spring.EventBusFactoryBean] is not eligible for getting processed by all BeanPostProcessors (for example: not eligible for auto-proxying)
12:33:52.722 [main] INFO  o.s.c.s.PostProcessorRegistrationDelegate$BeanPostProcessorChecker (PostProcessorRegistrationDelegate.java:327) - Bean 'grailsEventBus' of type [org.grails.events.bus.ExecutorEventBus] is not eligible for getting processed by all BeanPostProcessors (for example: not eligible for auto-proxying)
12:33:52.774 [main] INFO  o.s.c.s.PostProcessorRegistrationDelegate$BeanPostProcessorChecker (PostProcessorRegistrationDelegate.java:327) - Bean 'messageSource' of type [org.grails.spring.context.support.PluginAwareResourceBundleMessageSource] is not eligible for getting processed by all BeanPostProcessors (for example: not eligible for auto-proxying)
12:33:53.025 [main] INFO  o.s.c.s.PostProcessorRegistrationDelegate$BeanPostProcessorChecker (PostProcessorRegistrationDelegate.java:327) - Bean 'grailsUrlConverter' of type [grails.web.CamelCaseUrlConverter] is not eligible for getting processed by all BeanPostProcessors (for example: not eligible for auto-proxying)
12:33:53.041 [main] INFO  o.s.c.s.PostProcessorRegistrationDelegate$BeanPostProcessorChecker (PostProcessorRegistrationDelegate.java:327) - Bean '(inner bean)#2d9de284' of type [org.grails.web.mapping.UrlMappingsHolderFactoryBean] is not eligible for getting processed by all BeanPostProcessors (for example: not eligible for auto-proxying)
12:33:53.041 [main] INFO  o.s.c.s.PostProcessorRegistrationDelegate$BeanPostProcessorChecker (PostProcessorRegistrationDelegate.java:327) - Bean '(inner bean)#2d9de284' of type [org.grails.web.mapping.mvc.GrailsControllerUrlMappings] is not eligible for getting processed by all BeanPostProcessors (for example: not eligible for auto-proxying)
12:33:53.042 [main] INFO  o.s.c.s.PostProcessorRegistrationDelegate$BeanPostProcessorChecker (PostProcessorRegistrationDelegate.java:327) - Bean 'urlMappingsTargetSource' of type [org.grails.spring.beans.factory.HotSwappableTargetSourceFactoryBean] is not eligible for getting processed by all BeanPostProcessors (for example: not eligible for auto-proxying)
12:33:53.042 [main] INFO  o.s.c.s.PostProcessorRegistrationDelegate$BeanPostProcessorChecker (PostProcessorRegistrationDelegate.java:327) - Bean 'urlMappingsTargetSource' of type [org.springframework.aop.target.HotSwappableTargetSource] is not eligible for getting processed by all BeanPostProcessors (for example: not eligible for auto-proxying)
12:33:53.043 [main] INFO  o.s.c.s.PostProcessorRegistrationDelegate$BeanPostProcessorChecker (PostProcessorRegistrationDelegate.java:327) - Bean 'grailsUrlMappingsHolder' of type [org.springframework.aop.framework.ProxyFactoryBean] is not eligible for getting processed by all BeanPostProcessors (for example: not eligible for auto-proxying)
12:33:53.056 [main] INFO  o.s.c.s.PostProcessorRegistrationDelegate$BeanPostProcessorChecker (PostProcessorRegistrationDelegate.java:327) - Bean 'dataSourceConnectionSourceFactory' of type [org.grails.datastore.gorm.jdbc.connections.CachedDataSourceConnectionSourceFactory] is not eligible for getting processed by all BeanPostProcessors (for example: not eligible for auto-proxying)
12:33:53.057 [main] INFO  o.s.c.s.PostProcessorRegistrationDelegate$BeanPostProcessorChecker (PostProcessorRegistrationDelegate.java:327) - Bean 'hibernateConnectionSourceFactory' of type [org.grails.orm.hibernate.connections.HibernateConnectionSourceFactory] is not eligible for getting processed by all BeanPostProcessors (for example: not eligible for auto-proxying)
12:33:55.149 [main] INFO  org.hibernate.Version (Version.java:37) - HHH000412: Hibernate Core {5.1.16.Final}
12:33:55.151 [main] INFO  org.hibernate.cfg.Environment (Environment.java:213) - HHH000206: hibernate.properties not found
12:33:55.153 [main] INFO  org.hibernate.cfg.Environment (Environment.java:317) - HHH000021: Bytecode provider name : javassist
12:33:55.203 [main] INFO  o.h.v.i.engine.ConfigurationImpl (ConfigurationImpl.java:462) - HV000002: Ignoring XML configuration.
12:33:55.474 [main] INFO  o.h.annotations.common.Version (JavaReflectionManager.java:66) - HCANN000001: Hibernate Commons Annotations {5.0.1.Final}
12:33:55.564 [main] INFO  org.hibernate.dialect.Dialect (Dialect.java:156) - HHH000400: Using dialect: org.hibernate.dialect.MySQL5InnoDBDialect
12:33:57.306 [main] INFO  o.g.o.h.GrailsHibernateTransactionManager (HibernateTransactionManager.java:357) - Using DataSource [org.springframework.jdbc.datasource.TransactionAwareDataSourceProxy@12ef7db5] of Hibernate SessionFactory for HibernateTransactionManager
12:33:57.321 [main] INFO  o.h.v.i.engine.ConfigurationImpl (ConfigurationImpl.java:462) - HV000002: Ignoring XML configuration.
12:33:57.483 [main] INFO  o.s.b.f.x.XmlBeanDefinitionReader (XmlBeanDefinitionReader.java:317) - Loading XML bean definitions from class path resource [org/springframework/jdbc/support/sql-error-codes.xml]
12:33:57.578 [main] INFO  o.h.v.i.engine.ConfigurationImpl (ConfigurationImpl.java:462) - HV000002: Ignoring XML configuration.
12:33:57.581 [main] INFO  o.h.v.i.engine.ConfigurationImpl (ConfigurationImpl.java:462) - HV000002: Ignoring XML configuration.
12:33:57.588 [main] INFO  o.s.c.s.PostProcessorRegistrationDelegate$BeanPostProcessorChecker (PostProcessorRegistrationDelegate.java:327) - Bean 'hibernateDatastore' of type [org.grails.orm.hibernate.HibernateDatastore] is not eligible for getting processed by all BeanPostProcessors (for example: not eligible for auto-proxying)
12:33:58.771 [main] INFO  o.s.b.c.e.t.TomcatEmbeddedServletContainer (TomcatEmbeddedServletContainer.java:92) - Tomcat initialized with port(s): 80 (http)
12:33:58.800 [main] INFO  o.a.c.http11.Http11NioProtocol (DirectJDKLog.java:180) - Initializing ProtocolHandler ["http-nio-80"]
12:33:58.834 [main] INFO  o.a.c.core.StandardService (DirectJDKLog.java:180) - Starting service [Tomcat]
12:33:58.836 [main] INFO  o.a.catalina.core.StandardEngine (DirectJDKLog.java:180) - Starting Servlet Engine: Apache Tomcat/8.5.35
12:33:59.265 [localhost-startStop-1] INFO  o.a.c.c.C.[.[localhost].[/] (DirectJDKLog.java:180) - Initializing Spring embedded WebApplicationContext
12:33:59.266 [localhost-startStop-1] INFO  o.s.web.context.ContextLoader (EmbeddedWebApplicationContext.java:287) - Root WebApplicationContext: initialization completed in 10898 ms
12:34:00.772 [localhost-startStop-1] INFO  o.s.b.w.s.FilterRegistrationBean (AbstractFilterRegistrationBean.java:259) - Mapping filter: 'metricsFilter' to: [/*]
12:34:00.773 [localhost-startStop-1] INFO  o.s.b.w.s.FilterRegistrationBean (AbstractFilterRegistrationBean.java:259) - Mapping filter: 'grailsCorsFilter' to: [/*]
12:34:00.773 [localhost-startStop-1] INFO  o.s.b.w.s.FilterRegistrationBean (AbstractFilterRegistrationBean.java:272) - Mapping filter: 'characterEncodingFilter' to urls: [/*]
12:34:00.773 [localhost-startStop-1] INFO  o.s.b.w.s.FilterRegistrationBean (AbstractFilterRegistrationBean.java:272) - Mapping filter: 'hiddenHttpMethodFilter' to urls: [/*]
12:34:00.773 [localhost-startStop-1] INFO  o.s.b.w.s.FilterRegistrationBean (AbstractFilterRegistrationBean.java:272) - Mapping filter: 'grailsWebRequestFilter' to urls: [/*]
12:34:00.774 [localhost-startStop-1] INFO  o.s.b.w.s.FilterRegistrationBean (AbstractFilterRegistrationBean.java:272) - Mapping filter: 'filterChainProxy' to urls: [/*]
12:34:00.774 [localhost-startStop-1] INFO  o.s.b.w.s.FilterRegistrationBean (AbstractFilterRegistrationBean.java:259) - Mapping filter: 'webRequestLoggingFilter' to: [/*]
12:34:00.774 [localhost-startStop-1] INFO  o.s.b.w.s.FilterRegistrationBean (AbstractFilterRegistrationBean.java:272) - Mapping filter: 'assetPipelineFilter' to urls: [/assets/*]
12:34:00.774 [localhost-startStop-1] INFO  o.s.b.w.s.FilterRegistrationBean (AbstractFilterRegistrationBean.java:223) - Filter securityRequestHolderFilter was not registered (disabled)
12:34:00.775 [localhost-startStop-1] INFO  o.s.b.w.s.FilterRegistrationBean (AbstractFilterRegistrationBean.java:223) - Filter securityContextPersistenceFilter was not registered (disabled)
12:34:00.775 [localhost-startStop-1] INFO  o.s.b.w.s.FilterRegistrationBean (AbstractFilterRegistrationBean.java:223) - Filter mutableLogoutFilter was not registered (disabled)
12:34:00.775 [localhost-startStop-1] INFO  o.s.b.w.s.FilterRegistrationBean (AbstractFilterRegistrationBean.java:223) - Filter grailsUsernamePasswordAuthenticationFilter was not registered (disabled)
12:34:00.775 [localhost-startStop-1] INFO  o.s.b.w.s.FilterRegistrationBean (AbstractFilterRegistrationBean.java:223) - Filter securityContextHolderAwareRequestFilter was not registered (disabled)
12:34:00.776 [localhost-startStop-1] INFO  o.s.b.w.s.FilterRegistrationBean (AbstractFilterRegistrationBean.java:223) - Filter grailsRememberMeAuthenticationFilter was not registered (disabled)
12:34:00.776 [localhost-startStop-1] INFO  o.s.b.w.s.FilterRegistrationBean (AbstractFilterRegistrationBean.java:223) - Filter grailsAnonymousAuthenticationFilter was not registered (disabled)
12:34:00.776 [localhost-startStop-1] INFO  o.s.b.w.s.FilterRegistrationBean (AbstractFilterRegistrationBean.java:223) - Filter updateRequestContextHolderExceptionTranslationFilter was not registered (disabled)
12:34:00.777 [localhost-startStop-1] INFO  o.s.b.w.s.FilterRegistrationBean (AbstractFilterRegistrationBean.java:223) - Filter filterSecurityInterceptor was not registered (disabled)
12:34:00.777 [localhost-startStop-1] INFO  o.s.b.w.s.FilterRegistrationBean (AbstractFilterRegistrationBean.java:259) - Mapping filter: 'applicationContextIdFilter' to: [/*]
12:34:00.777 [localhost-startStop-1] INFO  o.s.b.w.s.ServletRegistrationBean (ServletRegistrationBean.java:191) - Mapping servlet: 'grailsDispatcherServlet' to [/]
12:34:00.780 [localhost-startStop-1] INFO  o.s.b.w.s.ServletRegistrationBean (ServletRegistrationBean.java:191) - Mapping servlet: 'groovyPagesServlet' to [*.gsp]
12:34:00.780 [localhost-startStop-1] INFO  o.s.b.w.s.ServletRegistrationBean (ServletRegistrationBean.java:191) - Mapping servlet: 'webServlet' to [/dbconsole/*]
12:34:01.429 [main] INFO  o.s.w.s.m.m.a.RequestMappingHandlerMapping (AbstractHandlerMethodMapping.java:544) - Mapped "{[/error]}" onto public org.springframework.http.ResponseEntity<java.util.Map<java.lang.String, java.lang.Object>> org.springframework.boot.autoconfigure.web.BasicErrorController.error(javax.servlet.http.HttpServletRequest)
12:34:01.431 [main] INFO  o.s.w.s.m.m.a.RequestMappingHandlerMapping (AbstractHandlerMethodMapping.java:544) - Mapped "{[/error],produces=[text/html]}" onto public org.springframework.web.servlet.ModelAndView org.springframework.boot.autoconfigure.web.BasicErrorController.errorHtml(javax.servlet.http.HttpServletRequest,javax.servlet.http.HttpServletResponse)
12:34:01.544 [main] INFO  o.s.w.s.h.SimpleUrlHandlerMapping (AbstractUrlHandlerMapping.java:362) - Mapped URL path [/webjars/**] onto handler of type [class org.springframework.web.servlet.resource.ResourceHttpRequestHandler]
12:34:01.546 [main] INFO  o.s.w.s.h.SimpleUrlHandlerMapping (AbstractUrlHandlerMapping.java:362) - Mapped URL path [/static/**] onto handler of type [class org.springframework.web.servlet.resource.ResourceHttpRequestHandler]
12:34:01.624 [main] INFO  o.s.w.s.m.m.a.RequestMappingHandlerAdapter (RequestMappingHandlerAdapter.java:556) - Looking for @ControllerAdvice: org.springframework.boot.context.embedded.AnnotationConfigEmbeddedWebApplicationContext@67110f71: startup date [Tue May 26 12:33:48 CST 2020]; root of context hierarchy
12:34:02.504 [main] INFO  o.s.b.a.e.m.EndpointHandlerMapping (AbstractHandlerMethodMapping.java:544) - Mapped "{[/shutdown || /shutdown.json],methods=[POST],produces=[application/vnd.spring-boot.actuator.v1+json || application/json]}" onto public java.lang.Object org.springframework.boot.actuate.endpoint.mvc.ShutdownMvcEndpoint.invoke()
12:34:03.052 [main] INFO  o.s.w.s.m.m.a.RequestMappingHandlerMapping (AbstractHandlerMethodMapping.java:544) - Mapped "{[/error]}" onto public org.springframework.http.ResponseEntity<java.util.Map<java.lang.String, java.lang.Object>> org.springframework.boot.autoconfigure.web.BasicErrorController.error(javax.servlet.http.HttpServletRequest)
12:34:03.052 [main] INFO  o.s.w.s.m.m.a.RequestMappingHandlerMapping (AbstractHandlerMethodMapping.java:544) - Mapped "{[/error],produces=[text/html]}" onto public org.springframework.web.servlet.ModelAndView org.springframework.boot.autoconfigure.web.BasicErrorController.errorHtml(javax.servlet.http.HttpServletRequest,javax.servlet.http.HttpServletResponse)
12:34:03.060 [main] INFO  o.s.w.s.m.m.a.RequestMappingHandlerAdapter (RequestMappingHandlerAdapter.java:556) - Looking for @ControllerAdvice: org.springframework.boot.context.embedded.AnnotationConfigEmbeddedWebApplicationContext@67110f71: startup date [Tue May 26 12:33:48 CST 2020]; root of context hierarchy
12:34:05.096 [main] INFO  o.s.j.e.a.AnnotationMBeanExporter (MBeanExporter.java:431) - Registering beans for JMX exposure on startup
12:34:05.103 [main] INFO  o.s.b.a.e.j.EndpointMBeanExporter (MBeanExporter.java:431) - Registering beans for JMX exposure on startup
12:34:05.105 [main] INFO  o.g.p.d.TomcatJDBCPoolMBeanExporter (MBeanExporter.java:431) - Registering beans for JMX exposure on startup
12:34:05.109 [main] INFO  o.s.c.s.DefaultLifecycleProcessor (DefaultLifecycleProcessor.java:345) - Starting beans in phase -2147483648
12:34:05.118 [main] INFO  o.s.c.s.DefaultLifecycleProcessor (DefaultLifecycleProcessor.java:345) - Starting beans in phase 0
12:34:05.140 [main] INFO  o.s.b.a.e.j.EndpointMBeanExporter (MBeanExporter.java:679) - Located managed bean 'shutdownEndpoint': registering with JMX server as MBean [org.springframework.boot:type=Endpoint,name=shutdownEndpoint,identity=69780093]
12:34:05.329 [main] INFO  g.p.s.w.GrailsSecurityFilterChain (GrailsSecurityFilterChain.groovy:43) - Creating filter chain: Ant [pattern='/**'], [grails.plugin.springsecurity.web.SecurityRequestHolderFilter@776b809f, org.springframework.security.web.context.SecurityContextPersistenceFilter@4d6512d6, grails.plugin.springsecurity.web.authentication.logout.MutableLogoutFilter@3ca58fc5, grails.plugin.springsecurity.web.authentication.GrailsUsernamePasswordAuthenticationFilter@192fc805, org.springframework.security.web.servletapi.SecurityContextHolderAwareRequestFilter@632f8f45, grails.plugin.springsecurity.web.filter.GrailsRememberMeAuthenticationFilter@4b38947e, grails.plugin.springsecurity.web.filter.GrailsAnonymousAuthenticationFilter@3cf03a0b, grails.plugin.springsecurity.web.UpdateRequestContextHolderExceptionTranslationFilter@347147fd, org.springframework.security.web.access.intercept.FilterSecurityInterceptor@1266344b]
12:34:05.911 [main] INFO  o.a.c.http11.Http11NioProtocol (DirectJDKLog.java:180) - Starting ProtocolHandler ["http-nio-80"]
12:34:05.923 [main] INFO  o.a.t.util.net.NioSelectorPool (DirectJDKLog.java:180) - Using a shared selector for servlet write/read
12:34:05.956 [main] INFO  o.a.c.c.C.[.[localhost].[/] (DirectJDKLog.java:180) - Initializing Spring FrameworkServlet 'grailsDispatcherServlet'
12:34:05.956 [main] INFO  o.g.w.s.m.GrailsDispatcherServlet (FrameworkServlet.java:489) - FrameworkServlet 'grailsDispatcherServlet': initialization started
12:34:05.973 [main] INFO  o.g.w.s.m.GrailsDispatcherServlet (FrameworkServlet.java:508) - FrameworkServlet 'grailsDispatcherServlet': initialization completed in 17 ms
12:34:05.974 [main] INFO  o.s.b.c.e.t.TomcatEmbeddedServletContainer (TomcatEmbeddedServletContainer.java:216) - Tomcat started on port(s): 80 (http)
12:34:05.980 [main] INFO  blog.Application (StartupInfoLogger.java:57) - Started Application in 18.545 seconds (JVM running for 20.861)
12:34:05.980 [main] INFO  grails.boot.GrailsApp (GrailsApp.groovy:88) - Application starting in environment: development
12:34:06.631 [http-nio-80-exec-1] INFO  o.s.s.c.SpringSecurityCoreVersion (SpringSecurityCoreVersion.java:75) - You are running with Spring Security Core 4.2.10.RELEASE
12:36:21.589 [Thread-8] INFO  o.s.b.f.s.DefaultListableBeanFactory (DefaultListableBeanFactory.java:826) - Overriding bean definition for bean 'cn.cwyuan.blog.ApiController' with a different definition: replacing [Generic bean: class [cn.cwyuan.blog.ApiController]; scope=singleton; abstract=false; lazyInit=true; autowireMode=1; dependencyCheck=0; autowireCandidate=true; primary=false; factoryBeanName=null; factoryMethodName=null; initMethodName=null; destroyMethodName=null] with [Generic bean: class [cn.cwyuan.blog.ApiController]; scope=singleton; abstract=false; lazyInit=false; autowireMode=1; dependencyCheck=0; autowireCandidate=true; primary=false; factoryBeanName=null; factoryMethodName=null; initMethodName=null; destroyMethodName=null]
