10:22:50.106 [main] INFO  blog.Application (StartupInfoLogger.java:48) - Starting Application on DESKTOP-SJUQLTD with PID 5828 (E:\ws\blog\build\classes\main started by 86178 in E:\ws\blog)
10:22:50.113 [main] INFO  blog.Application (SpringApplication.java:597) - The following profiles are active: development
10:22:50.164 [main] INFO  o.s.b.c.e.AnnotationConfigEmbeddedWebApplicationContext (AbstractApplicationContext.java:583) - Refreshing org.springframework.boot.context.embedded.AnnotationConfigEmbeddedWebApplicationContext@342726f1: startup date [Fri May 29 10:22:50 CST 2020]; root of context hierarchy
10:22:51.272 [background-preinit] INFO  o.h.v.internal.util.Version (Version.java:30) - HV000001: Hibernate Validator 5.3.6.Final
10:22:52.404 [main] INFO  g.p.DefaultGrailsPluginManager (DefaultGrailsPluginManager.java:389) - Attempting to load [0] user defined plugins
10:22:52.406 [main] INFO  g.p.DefaultGrailsPluginManager (DefaultGrailsPluginManager.java:594) - Grails plug-in [dataBinding] with version [3.3.9] loaded successfully
10:22:52.407 [main] INFO  g.p.DefaultGrailsPluginManager (DefaultGrailsPluginManager.java:594) - Grails plug-in [restResponder] with version [3.3.9] loaded successfully
10:22:52.408 [main] INFO  g.p.DefaultGrailsPluginManager (DefaultGrailsPluginManager.java:594) - Grails plug-in [fields] with version [2.2.8] loaded successfully
10:22:52.409 [main] INFO  g.p.DefaultGrailsPluginManager (DefaultGrailsPluginManager.java:594) - Grails plug-in [i18n] with version [3.3.9] loaded successfully
10:22:52.409 [main] INFO  g.p.DefaultGrailsPluginManager (DefaultGrailsPluginManager.java:594) - Grails plug-in [runtimeDatasources] with version [0.2-grails3] loaded successfully
10:22:52.410 [main] INFO  g.p.DefaultGrailsPluginManager (DefaultGrailsPluginManager.java:594) - Grails plug-in [core] with version [3.3.9] loaded successfully
10:22:52.418 [main] INFO  g.p.DefaultGrailsPluginManager (DefaultGrailsPluginManager.java:594) - Grails plug-in [eventBus] with version [3.3.2] loaded successfully
10:22:52.419 [main] INFO  g.p.DefaultGrailsPluginManager (DefaultGrailsPluginManager.java:594) - Grails plug-in [console] with version [unspecified] loaded successfully
10:22:52.420 [main] INFO  g.p.DefaultGrailsPluginManager (DefaultGrailsPluginManager.java:594) - Grails plug-in [codecs] with version [3.3.9] loaded successfully
10:22:52.422 [main] INFO  g.p.DefaultGrailsPluginManager (DefaultGrailsPluginManager.java:594) - Grails plug-in [urlMappings] with version [3.3.9] loaded successfully
10:22:52.423 [main] INFO  g.p.DefaultGrailsPluginManager (DefaultGrailsPluginManager.java:594) - Grails plug-in [assetPipeline] with version [2.15.1] loaded successfully
10:22:52.424 [main] INFO  g.p.DefaultGrailsPluginManager (DefaultGrailsPluginManager.java:594) - Grails plug-in [dataSource] with version [3.3.9] loaded successfully
10:22:52.424 [main] INFO  g.p.DefaultGrailsPluginManager (DefaultGrailsPluginManager.java:594) - Grails plug-in [groovyPages] with version [3.3.2] loaded successfully
10:22:52.425 [main] INFO  g.p.DefaultGrailsPluginManager (DefaultGrailsPluginManager.java:594) - Grails plug-in [controllers] with version [3.3.9] loaded successfully
10:22:52.426 [main] INFO  g.p.DefaultGrailsPluginManager (DefaultGrailsPluginManager.java:594) - Grails plug-in [mimeTypes] with version [3.3.9] loaded successfully
10:22:52.426 [main] INFO  g.p.DefaultGrailsPluginManager (DefaultGrailsPluginManager.java:594) - Grails plug-in [controllersAsync] with version [3.3.2] loaded successfully
10:22:52.426 [main] INFO  g.p.DefaultGrailsPluginManager (DefaultGrailsPluginManager.java:594) - Grails plug-in [scaffolding] with version [3.4.1] loaded successfully
10:22:52.426 [main] INFO  g.p.DefaultGrailsPluginManager (DefaultGrailsPluginManager.java:594) - Grails plug-in [domainClass] with version [3.3.9] loaded successfully
10:22:52.427 [main] INFO  g.p.DefaultGrailsPluginManager (DefaultGrailsPluginManager.java:594) - Grails plug-in [converters] with version [3.3.9] loaded successfully
10:22:52.427 [main] INFO  g.p.DefaultGrailsPluginManager (DefaultGrailsPluginManager.java:594) - Grails plug-in [hibernate] with version [6.1.11] loaded successfully
10:22:52.427 [main] INFO  g.p.DefaultGrailsPluginManager (DefaultGrailsPluginManager.java:594) - Grails plug-in [interceptors] with version [3.3.9] loaded successfully
10:22:52.427 [main] INFO  g.p.DefaultGrailsPluginManager (DefaultGrailsPluginManager.java:594) - Grails plug-in [services] with version [3.3.9] loaded successfully
10:22:52.428 [main] INFO  g.p.DefaultGrailsPluginManager (DefaultGrailsPluginManager.java:594) - Grails plug-in [springSecurityCore] with version [3.2.1] loaded successfully
10:22:52.428 [main] INFO  g.p.DefaultGrailsPluginManager (DefaultGrailsPluginManager.java:594) - Grails plug-in [cache] with version [4.0.1] loaded successfully
10:22:54.060 [main] INFO  g.p.s.SpringSecurityCoreGrailsPlugin (SpringSecurityCoreGrailsPlugin.groovy:171) - 
Configuring Spring Security Core ...
10:22:54.162 [main] INFO  g.p.s.SpringSecurityCoreGrailsPlugin (SpringSecurityCoreGrailsPlugin.groovy:635) - ... finished configuring Spring Security Core

10:22:54.201 [main] INFO  o.s.b.f.s.DefaultListableBeanFactory (DefaultListableBeanFactory.java:826) - Overriding bean definition for bean 'characterEncodingFilter' with a different definition: replacing [Root bean: class [null]; scope=; abstract=false; lazyInit=false; autowireMode=3; dependencyCheck=0; autowireCandidate=true; primary=false; factoryBeanName=org.springframework.boot.autoconfigure.web.HttpEncodingAutoConfiguration; factoryMethodName=characterEncodingFilter; initMethodName=null; destroyMethodName=(inferred); defined in class path resource [org/springframework/boot/autoconfigure/web/HttpEncodingAutoConfiguration.class]] with [Generic bean: class [org.springframework.boot.web.servlet.FilterRegistrationBean]; scope=singleton; abstract=false; lazyInit=false; autowireMode=0; dependencyCheck=0; autowireCandidate=true; primary=false; factoryBeanName=null; factoryMethodName=null; initMethodName=null; destroyMethodName=null]
10:22:54.202 [main] INFO  o.s.b.f.s.DefaultListableBeanFactory (DefaultListableBeanFactory.java:826) - Overriding bean definition for bean 'propertySourcesPlaceholderConfigurer' with a different definition: replacing [Root bean: class [org.springframework.boot.autoconfigure.context.PropertyPlaceholderAutoConfiguration]; scope=; abstract=false; lazyInit=false; autowireMode=3; dependencyCheck=0; autowireCandidate=true; primary=false; factoryBeanName=null; factoryMethodName=propertySourcesPlaceholderConfigurer; initMethodName=null; destroyMethodName=(inferred); defined in class path resource [org/springframework/boot/autoconfigure/context/PropertyPlaceholderAutoConfiguration.class]] with [Generic bean: class [org.grails.spring.context.support.GrailsPlaceholderConfigurer]; scope=singleton; abstract=false; lazyInit=false; autowireMode=0; dependencyCheck=0; autowireCandidate=true; primary=false; factoryBeanName=null; factoryMethodName=null; initMethodName=null; destroyMethodName=null]
10:22:54.203 [main] INFO  o.s.b.f.s.DefaultListableBeanFactory (DefaultListableBeanFactory.java:826) - Overriding bean definition for bean 'multipartConfigElement' with a different definition: replacing [Root bean: class [null]; scope=; abstract=false; lazyInit=false; autowireMode=3; dependencyCheck=0; autowireCandidate=true; primary=false; factoryBeanName=org.springframework.boot.autoconfigure.web.MultipartAutoConfiguration; factoryMethodName=multipartConfigElement; initMethodName=null; destroyMethodName=(inferred); defined in class path resource [org/springframework/boot/autoconfigure/web/MultipartAutoConfiguration.class]] with [Generic bean: class [javax.servlet.MultipartConfigElement]; scope=singleton; abstract=false; lazyInit=false; autowireMode=0; dependencyCheck=0; autowireCandidate=true; primary=false; factoryBeanName=null; factoryMethodName=null; initMethodName=null; destroyMethodName=null]
10:22:54.204 [main] INFO  o.s.b.f.s.DefaultListableBeanFactory (DefaultListableBeanFactory.java:826) - Overriding bean definition for bean 'multipartResolver' with a different definition: replacing [Root bean: class [null]; scope=; abstract=false; lazyInit=false; autowireMode=3; dependencyCheck=0; autowireCandidate=true; primary=false; factoryBeanName=org.springframework.boot.autoconfigure.web.MultipartAutoConfiguration; factoryMethodName=multipartResolver; initMethodName=null; destroyMethodName=(inferred); defined in class path resource [org/springframework/boot/autoconfigure/web/MultipartAutoConfiguration.class]] with [Generic bean: class [org.springframework.web.multipart.support.StandardServletMultipartResolver]; scope=singleton; abstract=false; lazyInit=false; autowireMode=0; dependencyCheck=0; autowireCandidate=true; primary=false; factoryBeanName=null; factoryMethodName=null; initMethodName=null; destroyMethodName=null]
10:22:54.206 [main] INFO  o.s.b.f.s.DefaultListableBeanFactory (DefaultListableBeanFactory.java:826) - Overriding bean definition for bean 'dispatcherServlet' with a different definition: replacing [Root bean: class [null]; scope=; abstract=false; lazyInit=false; autowireMode=3; dependencyCheck=0; autowireCandidate=true; primary=false; factoryBeanName=org.springframework.boot.autoconfigure.web.DispatcherServletAutoConfiguration$DispatcherServletConfiguration; factoryMethodName=dispatcherServlet; initMethodName=null; destroyMethodName=(inferred); defined in class path resource [org/springframework/boot/autoconfigure/web/DispatcherServletAutoConfiguration$DispatcherServletConfiguration.class]] with [Generic bean: class [org.grails.web.servlet.mvc.GrailsDispatcherServlet]; scope=singleton; abstract=false; lazyInit=false; autowireMode=0; dependencyCheck=0; autowireCandidate=true; primary=false; factoryBeanName=null; factoryMethodName=null; initMethodName=null; destroyMethodName=null]
10:22:54.207 [main] INFO  o.s.b.f.s.DefaultListableBeanFactory (DefaultListableBeanFactory.java:826) - Overriding bean definition for bean 'dispatcherServletRegistration' with a different definition: replacing [Root bean: class [null]; scope=; abstract=false; lazyInit=false; autowireMode=3; dependencyCheck=0; autowireCandidate=true; primary=false; factoryBeanName=org.springframework.boot.autoconfigure.web.DispatcherServletAutoConfiguration$DispatcherServletRegistrationConfiguration; factoryMethodName=dispatcherServletRegistration; initMethodName=null; destroyMethodName=(inferred); defined in class path resource [org/springframework/boot/autoconfigure/web/DispatcherServletAutoConfiguration$DispatcherServletRegistrationConfiguration.class]] with [Generic bean: class [org.springframework.boot.web.servlet.ServletRegistrationBean]; scope=singleton; abstract=false; lazyInit=false; autowireMode=0; dependencyCheck=0; autowireCandidate=true; primary=false; factoryBeanName=null; factoryMethodName=null; initMethodName=null; destroyMethodName=null]
10:22:54.906 [main] INFO  o.s.c.s.PostProcessorRegistrationDelegate$BeanPostProcessorChecker (PostProcessorRegistrationDelegate.java:327) - Bean 'classLoader' of type [org.springframework.beans.factory.config.MethodInvokingFactoryBean] is not eligible for getting processed by all BeanPostProcessors (for example: not eligible for auto-proxying)
10:22:54.962 [main] INFO  o.s.c.s.PostProcessorRegistrationDelegate$BeanPostProcessorChecker (PostProcessorRegistrationDelegate.java:327) - Bean 'grailsPromiseFactory' of type [org.grails.plugins.web.async.spring.PromiseFactoryBean] is not eligible for getting processed by all BeanPostProcessors (for example: not eligible for auto-proxying)
10:22:54.986 [main] INFO  o.s.c.s.PostProcessorRegistrationDelegate$BeanPostProcessorChecker (PostProcessorRegistrationDelegate.java:327) - Bean 'grailsPromiseFactory' of type [org.grails.async.factory.future.CachedThreadPoolPromiseFactory] is not eligible for getting processed by all BeanPostProcessors (for example: not eligible for auto-proxying)
10:22:55.008 [main] INFO  o.s.c.s.PostProcessorRegistrationDelegate$BeanPostProcessorChecker (PostProcessorRegistrationDelegate.java:327) - Bean 'grailsEventBus' of type [org.grails.events.bus.spring.EventBusFactoryBean] is not eligible for getting processed by all BeanPostProcessors (for example: not eligible for auto-proxying)
10:22:55.009 [main] INFO  o.s.c.s.PostProcessorRegistrationDelegate$BeanPostProcessorChecker (PostProcessorRegistrationDelegate.java:327) - Bean 'grailsEventBus' of type [org.grails.events.bus.ExecutorEventBus] is not eligible for getting processed by all BeanPostProcessors (for example: not eligible for auto-proxying)
10:22:55.060 [main] INFO  o.s.c.s.PostProcessorRegistrationDelegate$BeanPostProcessorChecker (PostProcessorRegistrationDelegate.java:327) - Bean 'messageSource' of type [org.grails.spring.context.support.PluginAwareResourceBundleMessageSource] is not eligible for getting processed by all BeanPostProcessors (for example: not eligible for auto-proxying)
10:22:55.329 [main] INFO  o.s.c.s.PostProcessorRegistrationDelegate$BeanPostProcessorChecker (PostProcessorRegistrationDelegate.java:327) - Bean 'grailsUrlConverter' of type [grails.web.CamelCaseUrlConverter] is not eligible for getting processed by all BeanPostProcessors (for example: not eligible for auto-proxying)
10:22:55.344 [main] INFO  o.s.c.s.PostProcessorRegistrationDelegate$BeanPostProcessorChecker (PostProcessorRegistrationDelegate.java:327) - Bean '(inner bean)#64757d56' of type [org.grails.web.mapping.UrlMappingsHolderFactoryBean] is not eligible for getting processed by all BeanPostProcessors (for example: not eligible for auto-proxying)
10:22:55.344 [main] INFO  o.s.c.s.PostProcessorRegistrationDelegate$BeanPostProcessorChecker (PostProcessorRegistrationDelegate.java:327) - Bean '(inner bean)#64757d56' of type [org.grails.web.mapping.mvc.GrailsControllerUrlMappings] is not eligible for getting processed by all BeanPostProcessors (for example: not eligible for auto-proxying)
10:22:55.345 [main] INFO  o.s.c.s.PostProcessorRegistrationDelegate$BeanPostProcessorChecker (PostProcessorRegistrationDelegate.java:327) - Bean 'urlMappingsTargetSource' of type [org.grails.spring.beans.factory.HotSwappableTargetSourceFactoryBean] is not eligible for getting processed by all BeanPostProcessors (for example: not eligible for auto-proxying)
10:22:55.345 [main] INFO  o.s.c.s.PostProcessorRegistrationDelegate$BeanPostProcessorChecker (PostProcessorRegistrationDelegate.java:327) - Bean 'urlMappingsTargetSource' of type [org.springframework.aop.target.HotSwappableTargetSource] is not eligible for getting processed by all BeanPostProcessors (for example: not eligible for auto-proxying)
10:22:55.346 [main] INFO  o.s.c.s.PostProcessorRegistrationDelegate$BeanPostProcessorChecker (PostProcessorRegistrationDelegate.java:327) - Bean 'grailsUrlMappingsHolder' of type [org.springframework.aop.framework.ProxyFactoryBean] is not eligible for getting processed by all BeanPostProcessors (for example: not eligible for auto-proxying)
10:22:55.359 [main] INFO  o.s.c.s.PostProcessorRegistrationDelegate$BeanPostProcessorChecker (PostProcessorRegistrationDelegate.java:327) - Bean 'dataSourceConnectionSourceFactory' of type [org.grails.datastore.gorm.jdbc.connections.CachedDataSourceConnectionSourceFactory] is not eligible for getting processed by all BeanPostProcessors (for example: not eligible for auto-proxying)
10:22:55.359 [main] INFO  o.s.c.s.PostProcessorRegistrationDelegate$BeanPostProcessorChecker (PostProcessorRegistrationDelegate.java:327) - Bean 'hibernateConnectionSourceFactory' of type [org.grails.orm.hibernate.connections.HibernateConnectionSourceFactory] is not eligible for getting processed by all BeanPostProcessors (for example: not eligible for auto-proxying)
10:22:57.673 [main] INFO  org.hibernate.Version (Version.java:37) - HHH000412: Hibernate Core {5.1.16.Final}
10:22:57.675 [main] INFO  org.hibernate.cfg.Environment (Environment.java:213) - HHH000206: hibernate.properties not found
10:22:57.676 [main] INFO  org.hibernate.cfg.Environment (Environment.java:317) - HHH000021: Bytecode provider name : javassist
10:22:57.721 [main] INFO  o.h.v.i.engine.ConfigurationImpl (ConfigurationImpl.java:462) - HV000002: Ignoring XML configuration.
10:22:58.002 [main] INFO  o.h.annotations.common.Version (JavaReflectionManager.java:66) - HCANN000001: Hibernate Commons Annotations {5.0.1.Final}
10:22:58.098 [main] INFO  org.hibernate.dialect.Dialect (Dialect.java:156) - HHH000400: Using dialect: org.hibernate.dialect.MySQL5InnoDBDialect
10:22:59.981 [main] INFO  o.g.o.h.GrailsHibernateTransactionManager (HibernateTransactionManager.java:357) - Using DataSource [org.springframework.jdbc.datasource.TransactionAwareDataSourceProxy@63574d76] of Hibernate SessionFactory for HibernateTransactionManager
10:22:59.997 [main] INFO  o.h.v.i.engine.ConfigurationImpl (ConfigurationImpl.java:462) - HV000002: Ignoring XML configuration.
10:23:00.168 [main] INFO  o.s.b.f.x.XmlBeanDefinitionReader (XmlBeanDefinitionReader.java:317) - Loading XML bean definitions from class path resource [org/springframework/jdbc/support/sql-error-codes.xml]
10:23:00.259 [main] INFO  o.h.v.i.engine.ConfigurationImpl (ConfigurationImpl.java:462) - HV000002: Ignoring XML configuration.
10:23:00.262 [main] INFO  o.h.v.i.engine.ConfigurationImpl (ConfigurationImpl.java:462) - HV000002: Ignoring XML configuration.
10:23:00.269 [main] INFO  o.s.c.s.PostProcessorRegistrationDelegate$BeanPostProcessorChecker (PostProcessorRegistrationDelegate.java:327) - Bean 'hibernateDatastore' of type [org.grails.orm.hibernate.HibernateDatastore] is not eligible for getting processed by all BeanPostProcessors (for example: not eligible for auto-proxying)
10:23:01.182 [main] INFO  o.s.b.c.e.t.TomcatEmbeddedServletContainer (TomcatEmbeddedServletContainer.java:92) - Tomcat initialized with port(s): 80 (http)
10:23:01.199 [main] INFO  o.a.c.http11.Http11NioProtocol (DirectJDKLog.java:180) - Initializing ProtocolHandler ["http-nio-80"]
10:23:01.215 [main] INFO  o.a.c.core.StandardService (DirectJDKLog.java:180) - Starting service [Tomcat]
10:23:01.216 [main] INFO  o.a.catalina.core.StandardEngine (DirectJDKLog.java:180) - Starting Servlet Engine: Apache Tomcat/8.5.35
10:23:01.359 [localhost-startStop-1] INFO  o.a.c.c.C.[.[localhost].[/] (DirectJDKLog.java:180) - Initializing Spring embedded WebApplicationContext
10:23:01.360 [localhost-startStop-1] INFO  o.s.web.context.ContextLoader (EmbeddedWebApplicationContext.java:287) - Root WebApplicationContext: initialization completed in 11196 ms
10:23:02.140 [localhost-startStop-1] INFO  o.s.b.w.s.FilterRegistrationBean (AbstractFilterRegistrationBean.java:259) - Mapping filter: 'metricsFilter' to: [/*]
10:23:02.141 [localhost-startStop-1] INFO  o.s.b.w.s.FilterRegistrationBean (AbstractFilterRegistrationBean.java:259) - Mapping filter: 'grailsCorsFilter' to: [/*]
10:23:02.141 [localhost-startStop-1] INFO  o.s.b.w.s.FilterRegistrationBean (AbstractFilterRegistrationBean.java:272) - Mapping filter: 'characterEncodingFilter' to urls: [/*]
10:23:02.141 [localhost-startStop-1] INFO  o.s.b.w.s.FilterRegistrationBean (AbstractFilterRegistrationBean.java:272) - Mapping filter: 'hiddenHttpMethodFilter' to urls: [/*]
10:23:02.142 [localhost-startStop-1] INFO  o.s.b.w.s.FilterRegistrationBean (AbstractFilterRegistrationBean.java:272) - Mapping filter: 'grailsWebRequestFilter' to urls: [/*]
10:23:02.142 [localhost-startStop-1] INFO  o.s.b.w.s.FilterRegistrationBean (AbstractFilterRegistrationBean.java:272) - Mapping filter: 'filterChainProxy' to urls: [/*]
10:23:02.142 [localhost-startStop-1] INFO  o.s.b.w.s.FilterRegistrationBean (AbstractFilterRegistrationBean.java:259) - Mapping filter: 'webRequestLoggingFilter' to: [/*]
10:23:02.142 [localhost-startStop-1] INFO  o.s.b.w.s.FilterRegistrationBean (AbstractFilterRegistrationBean.java:272) - Mapping filter: 'assetPipelineFilter' to urls: [/assets/*]
10:23:02.142 [localhost-startStop-1] INFO  o.s.b.w.s.FilterRegistrationBean (AbstractFilterRegistrationBean.java:223) - Filter securityRequestHolderFilter was not registered (disabled)
10:23:02.142 [localhost-startStop-1] INFO  o.s.b.w.s.FilterRegistrationBean (AbstractFilterRegistrationBean.java:223) - Filter securityContextPersistenceFilter was not registered (disabled)
10:23:02.143 [localhost-startStop-1] INFO  o.s.b.w.s.FilterRegistrationBean (AbstractFilterRegistrationBean.java:223) - Filter mutableLogoutFilter was not registered (disabled)
10:23:02.143 [localhost-startStop-1] INFO  o.s.b.w.s.FilterRegistrationBean (AbstractFilterRegistrationBean.java:223) - Filter grailsUsernamePasswordAuthenticationFilter was not registered (disabled)
10:23:02.143 [localhost-startStop-1] INFO  o.s.b.w.s.FilterRegistrationBean (AbstractFilterRegistrationBean.java:223) - Filter securityContextHolderAwareRequestFilter was not registered (disabled)
10:23:02.143 [localhost-startStop-1] INFO  o.s.b.w.s.FilterRegistrationBean (AbstractFilterRegistrationBean.java:223) - Filter grailsRememberMeAuthenticationFilter was not registered (disabled)
10:23:02.143 [localhost-startStop-1] INFO  o.s.b.w.s.FilterRegistrationBean (AbstractFilterRegistrationBean.java:223) - Filter grailsAnonymousAuthenticationFilter was not registered (disabled)
10:23:02.143 [localhost-startStop-1] INFO  o.s.b.w.s.FilterRegistrationBean (AbstractFilterRegistrationBean.java:223) - Filter updateRequestContextHolderExceptionTranslationFilter was not registered (disabled)
10:23:02.144 [localhost-startStop-1] INFO  o.s.b.w.s.FilterRegistrationBean (AbstractFilterRegistrationBean.java:223) - Filter filterSecurityInterceptor was not registered (disabled)
10:23:02.144 [localhost-startStop-1] INFO  o.s.b.w.s.FilterRegistrationBean (AbstractFilterRegistrationBean.java:259) - Mapping filter: 'applicationContextIdFilter' to: [/*]
10:23:02.144 [localhost-startStop-1] INFO  o.s.b.w.s.ServletRegistrationBean (ServletRegistrationBean.java:191) - Mapping servlet: 'grailsDispatcherServlet' to [/]
10:23:02.146 [localhost-startStop-1] INFO  o.s.b.w.s.ServletRegistrationBean (ServletRegistrationBean.java:191) - Mapping servlet: 'groovyPagesServlet' to [*.gsp]
10:23:02.146 [localhost-startStop-1] INFO  o.s.b.w.s.ServletRegistrationBean (ServletRegistrationBean.java:191) - Mapping servlet: 'webServlet' to [/dbconsole/*]
10:23:02.502 [main] INFO  o.s.w.s.m.m.a.RequestMappingHandlerMapping (AbstractHandlerMethodMapping.java:544) - Mapped "{[/error]}" onto public org.springframework.http.ResponseEntity<java.util.Map<java.lang.String, java.lang.Object>> org.springframework.boot.autoconfigure.web.BasicErrorController.error(javax.servlet.http.HttpServletRequest)
10:23:02.503 [main] INFO  o.s.w.s.m.m.a.RequestMappingHandlerMapping (AbstractHandlerMethodMapping.java:544) - Mapped "{[/error],produces=[text/html]}" onto public org.springframework.web.servlet.ModelAndView org.springframework.boot.autoconfigure.web.BasicErrorController.errorHtml(javax.servlet.http.HttpServletRequest,javax.servlet.http.HttpServletResponse)
10:23:02.550 [main] INFO  o.s.w.s.h.SimpleUrlHandlerMapping (AbstractUrlHandlerMapping.java:362) - Mapped URL path [/webjars/**] onto handler of type [class org.springframework.web.servlet.resource.ResourceHttpRequestHandler]
10:23:02.550 [main] INFO  o.s.w.s.h.SimpleUrlHandlerMapping (AbstractUrlHandlerMapping.java:362) - Mapped URL path [/static/**] onto handler of type [class org.springframework.web.servlet.resource.ResourceHttpRequestHandler]
10:23:02.595 [main] INFO  o.s.w.s.m.m.a.RequestMappingHandlerAdapter (RequestMappingHandlerAdapter.java:556) - Looking for @ControllerAdvice: org.springframework.boot.context.embedded.AnnotationConfigEmbeddedWebApplicationContext@342726f1: startup date [Fri May 29 10:22:50 CST 2020]; root of context hierarchy
10:23:03.386 [main] INFO  o.s.b.a.e.m.EndpointHandlerMapping (AbstractHandlerMethodMapping.java:544) - Mapped "{[/shutdown || /shutdown.json],methods=[POST],produces=[application/vnd.spring-boot.actuator.v1+json || application/json]}" onto public java.lang.Object org.springframework.boot.actuate.endpoint.mvc.ShutdownMvcEndpoint.invoke()
10:23:03.900 [main] INFO  o.s.w.s.m.m.a.RequestMappingHandlerMapping (AbstractHandlerMethodMapping.java:544) - Mapped "{[/error]}" onto public org.springframework.http.ResponseEntity<java.util.Map<java.lang.String, java.lang.Object>> org.springframework.boot.autoconfigure.web.BasicErrorController.error(javax.servlet.http.HttpServletRequest)
10:23:03.901 [main] INFO  o.s.w.s.m.m.a.RequestMappingHandlerMapping (AbstractHandlerMethodMapping.java:544) - Mapped "{[/error],produces=[text/html]}" onto public org.springframework.web.servlet.ModelAndView org.springframework.boot.autoconfigure.web.BasicErrorController.errorHtml(javax.servlet.http.HttpServletRequest,javax.servlet.http.HttpServletResponse)
10:23:03.909 [main] INFO  o.s.w.s.m.m.a.RequestMappingHandlerAdapter (RequestMappingHandlerAdapter.java:556) - Looking for @ControllerAdvice: org.springframework.boot.context.embedded.AnnotationConfigEmbeddedWebApplicationContext@342726f1: startup date [Fri May 29 10:22:50 CST 2020]; root of context hierarchy
10:23:06.024 [main] INFO  o.s.j.e.a.AnnotationMBeanExporter (MBeanExporter.java:431) - Registering beans for JMX exposure on startup
10:23:06.032 [main] INFO  o.s.b.a.e.j.EndpointMBeanExporter (MBeanExporter.java:431) - Registering beans for JMX exposure on startup
10:23:06.034 [main] INFO  o.g.p.d.TomcatJDBCPoolMBeanExporter (MBeanExporter.java:431) - Registering beans for JMX exposure on startup
10:23:06.038 [main] INFO  o.s.c.s.DefaultLifecycleProcessor (DefaultLifecycleProcessor.java:345) - Starting beans in phase -2147483648
10:23:06.049 [main] INFO  o.s.c.s.DefaultLifecycleProcessor (DefaultLifecycleProcessor.java:345) - Starting beans in phase 0
10:23:06.074 [main] INFO  o.s.b.a.e.j.EndpointMBeanExporter (MBeanExporter.java:679) - Located managed bean 'shutdownEndpoint': registering with JMX server as MBean [org.springframework.boot:type=Endpoint,name=shutdownEndpoint,identity=4474c514]
10:23:06.262 [main] INFO  g.p.s.w.GrailsSecurityFilterChain (GrailsSecurityFilterChain.groovy:43) - Creating filter chain: Ant [pattern='/**'], [grails.plugin.springsecurity.web.SecurityRequestHolderFilter@fa66730, org.springframework.security.web.context.SecurityContextPersistenceFilter@7edcde71, grails.plugin.springsecurity.web.authentication.logout.MutableLogoutFilter@2a6fb6d3, grails.plugin.springsecurity.web.authentication.GrailsUsernamePasswordAuthenticationFilter@8674b74, org.springframework.security.web.servletapi.SecurityContextHolderAwareRequestFilter@35bee06c, grails.plugin.springsecurity.web.filter.GrailsRememberMeAuthenticationFilter@5369b062, grails.plugin.springsecurity.web.filter.GrailsAnonymousAuthenticationFilter@eb07e9, grails.plugin.springsecurity.web.UpdateRequestContextHolderExceptionTranslationFilter@13255691, org.springframework.security.web.access.intercept.FilterSecurityInterceptor@109ccaad]
10:23:06.868 [main] INFO  o.a.c.http11.Http11NioProtocol (DirectJDKLog.java:180) - Starting ProtocolHandler ["http-nio-80"]
10:23:06.879 [main] INFO  o.a.t.util.net.NioSelectorPool (DirectJDKLog.java:180) - Using a shared selector for servlet write/read
10:23:06.913 [main] INFO  o.a.c.c.C.[.[localhost].[/] (DirectJDKLog.java:180) - Initializing Spring FrameworkServlet 'grailsDispatcherServlet'
10:23:06.913 [main] INFO  o.g.w.s.m.GrailsDispatcherServlet (FrameworkServlet.java:489) - FrameworkServlet 'grailsDispatcherServlet': initialization started
10:23:06.929 [main] INFO  o.g.w.s.m.GrailsDispatcherServlet (FrameworkServlet.java:508) - FrameworkServlet 'grailsDispatcherServlet': initialization completed in 16 ms
10:23:06.930 [main] INFO  o.s.b.c.e.t.TomcatEmbeddedServletContainer (TomcatEmbeddedServletContainer.java:216) - Tomcat started on port(s): 80 (http)
10:23:06.935 [main] INFO  blog.Application (StartupInfoLogger.java:57) - Started Application in 17.748 seconds (JVM running for 20.241)
10:23:06.936 [main] INFO  grails.boot.GrailsApp (GrailsApp.groovy:88) - Application starting in environment: development
10:23:07.542 [http-nio-80-exec-2] INFO  o.s.s.c.SpringSecurityCoreVersion (SpringSecurityCoreVersion.java:75) - You are running with Spring Security Core 4.2.10.RELEASE
